<?xml version="1.0" encoding="utf-8"?><testsuites name="pytest tests"><testsuite name="pytest" errors="0" failures="1" skipped="0" tests="4" time="11.848" timestamp="2026-08-16T16:17:43.085175+00:00" hostname="agent-env-c623e7d0-c81a-43be-86b6-6552089e43fb"><testcase classname="tests.test_customer_dashboard_wave107" name="test_orders_mine_shape_and_values" time="4.051" /><testcase classname="tests.test_customer_dashboard_wave107" name="test_orders_mine_empty_for_new_buyer" time="3.482" /><testcase classname="tests.test_customer_dashboard_wave107" name="test_orders_status_update_endpoint_exists" time="1.657"><failure message="AssertionError: got 500: Internal Server Error&#10;assert 500 in (200, 204)&#10; +  where 500 = &lt;Response [500]&gt;.status_code">E   AssertionError: got 500: Internal Server Error
    assert 500 in (200, 204)
     +  where 500 = &lt;Response [500]&gt;.status_code</failure></testcase><testcase classname="tests.test_customer_dashboard_wave107" name="test_real_bug_order_still_has_correct_math" time="2.102" /></testsuite></testsuites>