<?xml version="1.0" encoding="utf-8"?><testsuites name="pytest tests"><testsuite name="pytest" errors="0" failures="0" skipped="0" tests="12" time="21.849" timestamp="2026-05-03T14:35:37.107732+00:00" hostname="agent-env-4a881df6-ae37-45d9-8277-25ab31694ec0"><testcase classname="tests.test_batch_fixes.TestOAuthBootstrap" name="test_no_bearer_returns_401" time="0.177" /><testcase classname="tests.test_batch_fixes.TestOAuthBootstrap" name="test_bad_bearer_returns_401" time="0.449" /><testcase classname="tests.test_batch_fixes.TestOAuthBootstrap" name="test_existing_user_bootstrap_idempotent" time="1.143" /><testcase classname="tests.test_batch_fixes.TestOAuthBootstrap" name="test_new_supabase_user_bootstrap_creates_row" time="4.436" /><testcase classname="tests.test_batch_fixes.TestListingCreation" name="test_create_listing_freetext_refilled" time="2.277" /><testcase classname="tests.test_batch_fixes.TestListingCreation" name="test_toner_master_autocreated" time="0.423" /><testcase classname="tests.test_batch_fixes.TestListingCreation" name="test_listing_appears_in_search" time="0.409" /><testcase classname="tests.test_batch_fixes.TestListingCreation" name="test_create_listing_legacy_toner_id" time="1.523" /><testcase classname="tests.test_batch_fixes.TestListingCreation" name="test_missing_both_returns_400" time="0.970" /><testcase classname="tests.test_batch_fixes.TestListingCreation" name="test_invalid_toner_type_returns_400" time="0.942" /><testcase classname="tests.test_batch_fixes.TestCartCheckout" name="test_two_orders_decrement_stock_independently" time="6.527" /><testcase classname="tests.test_batch_fixes.TestCleanup" name="test_delete_test_listings" time="2.475" /></testsuite></testsuites>