<?xml version="1.0" encoding="utf-8"?><testsuites name="pytest tests"><testsuite name="pytest" errors="0" failures="2" skipped="1" tests="11" time="24.504" timestamp="2026-05-27T14:02:33.580154+00:00" hostname="agent-env-8048f6c1-68dc-4789-a0d4-9130e09483ee"><testcase classname="backend.tests.test_wave12.TestD2DListings" name="test_public_no_auth_returns_shape" time="2.841" /><testcase classname="backend.tests.test_wave12.TestD2DListings" name="test_with_q_filter_does_not_500" time="1.120" /><testcase classname="backend.tests.test_wave12.TestD2DMe" name="test_no_auth_returns_401_or_403" time="0.131" /><testcase classname="backend.tests.test_wave12.TestD2DMe" name="test_buyer_returns_not_supplier" time="2.374" /><testcase classname="backend.tests.test_wave12.TestD2DMe" name="test_supplier_returns_verified_true" time="8.671"><failure message="AssertionError: Internal Server Error&#10;assert 500 == 200&#10; +  where 500 = &lt;Response [500]&gt;.status_code">E   AssertionError: Internal Server Error
    assert 500 == 200
     +  where 500 = &lt;Response [500]&gt;.status_code</failure></testcase><testcase classname="backend.tests.test_wave12.TestCreatesWithoutImage" name="test_toner_create_without_image" time="2.021" /><testcase classname="backend.tests.test_wave12.TestCreatesWithoutImage" name="test_paper_create_without_image" time="1.742" /><testcase classname="backend.tests.test_wave12.TestCreatesWithoutImage" name="test_printer_create_without_image" time="0.714"><failure message="AssertionError: {&quot;detail&quot;:[{&quot;type&quot;:&quot;missing&quot;,&quot;loc&quot;:[&quot;body&quot;,&quot;image_url&quot;],&quot;msg&quot;:&quot;Field required&quot;,&quot;input&quot;:{&quot;brand&quot;:&quot;HP&quot;,&quot;model_number&quot;:&quot;W12P-40ff25&quot;,&quot;description&quot;:&quot;Wave 12 test printer w/o image&quot;,&quot;condition&quot;:&quot;new&quot;,&quot;usage_types&quot;:[&quot;home&quot;],&quot;category&quot;:&quot;inkjet&quot;,&quot;color&quot;:&quot;color&quot;,&quot;paper_sizes&quot;:[&quot;A4&quot;],&quot;functions&quot;:[&quot;Print&quot;],&quot;connectivity&quot;:[&quot;USB&quot;],&quot;features&quot;:[],&quot;monthly_volume_min&quot;:0,&quot;monthly_volume_max&quot;:1000,&quot;price&quot;:9999.0,&quot;stock&quot;:3},&quot;url&quot;:&quot;https://errors.pydantic.dev/2.12/v/missing&quot;}]}&#10;assert 422 in (200, 201)&#10; +  where 422 = &lt;Response [422]&gt;.status_code">E   AssertionError: {"detail":[{"type":"missing","loc":["body","image_url"],"msg":"Field required","input":{"brand":"HP","model_number":"W12P-40ff25","description":"Wave 12 test printer w/o image","condition":"new","usage_types":["home"],"category":"inkjet","color":"color","paper_sizes":["A4"],"functions":["Print"],"connectivity":["USB"],"features":[],"monthly_volume_min":0,"monthly_volume_max":1000,"price":9999.0,"stock":3},"url":"https://errors.pydantic.dev/2.12/v/missing"}]}
    assert 422 in (200, 201)
     +  where 422 = &lt;Response [422]&gt;.status_code</failure></testcase><testcase classname="backend.tests.test_wave12.TestD2DPuts" name="test_put_printer_d2d_no_500" time="1.350"><skipped type="pytest.skip" message="no printer to update">/app/backend/tests/test_wave12.py:259: no printer to update</skipped></testcase><testcase classname="backend.tests.test_wave12.TestD2DPuts" name="test_put_paper_d2d_no_500" time="2.710" /><testcase classname="backend.tests.test_wave12.TestBulkInquiry" name="test_bulk_inquiry_with_company" time="0.751" /></testsuite></testsuites>