<?xml version="1.0" encoding="utf-8"?><testsuites name="pytest tests"><testsuite name="pytest" errors="0" failures="0" skipped="0" tests="6" time="17.389" timestamp="2026-06-10T13:27:30.394985+00:00" hostname="agent-env-c623e7d0-c81a-43be-86b6-6552089e43fb"><testcase classname="backend.tests.test_iteration37.TestSignIn" name="test_admin_login_role" time="2.334" /><testcase classname="backend.tests.test_iteration37.TestSignIn" name="test_dealer_login_role" time="2.398" /><testcase classname="backend.tests.test_iteration37.TestSignIn" name="test_admin_me_fast" time="1.165" /><testcase classname="backend.tests.test_iteration37.TestAdminDocDownload" name="test_doc_view_and_download" time="9.859" /><testcase classname="backend.tests.test_iteration37.TestScanners" name="test_public_list" time="0.403" /><testcase classname="backend.tests.test_iteration37.TestScanners" name="test_dealer_create_scanner_graceful" time="1.158" /></testsuite></testsuites>