<?xml version="1.0" encoding="utf-8"?><testsuites name="pytest tests"><testsuite name="pytest" errors="0" failures="0" skipped="2" tests="15" time="24.972" timestamp="2026-06-04T11:56:37.609921+00:00" hostname="agent-env-c623e7d0-c81a-43be-86b6-6552089e43fb"><testcase classname="backend.tests.test_wave16.TestPapersBulk" name="test_bulk_mixed_valid_invalid" time="10.314" /><testcase classname="backend.tests.test_wave16.TestPapersBulk" name="test_bulk_schema_invalid_row_rejects_batch" time="0.760"><skipped type="pytest.xfail" message="papers bulk rejects entire batch on Pydantic-invalid row (List[PaperCreate] validated up-front). Body: {&quot;detail&quot;:[{&quot;type&quot;:&quot;greater_than&quot;,&quot;loc&quot;:[&quot;body&quot;,1,&quot;price_per_ream&quot;],&quot;msg&quot;:&quot;Input should be greater than 0&quot;,&quot;input&quot;:0,&quot;ctx&quot;:{&quot;gt&quot;:0.0},&quot;url&quot;:&quot;https://errors.pydantic.dev/2.12/v/greater_than&quot;}]}" /></testcase><testcase classname="backend.tests.test_wave16.TestPapersBulk" name="test_bulk_empty_array_400" time="0.775" /><testcase classname="backend.tests.test_wave16.TestPapersBulk" name="test_bulk_over_200_rows_400" time="0.776" /><testcase classname="backend.tests.test_wave16.TestPapersBulk" name="test_bulk_guest_blocked" time="0.104" /><testcase classname="backend.tests.test_wave16.TestPrintersBulk" name="test_bulk_mixed_valid_invalid" time="2.091" /><testcase classname="backend.tests.test_wave16.TestPrintersBulk" name="test_bulk_schema_invalid_row_rejects_batch" time="0.800"><skipped type="pytest.xfail" message="printers bulk rejects entire batch on per-row schema-invalid row (Pydantic List validates up-front, not per-row). Body: {&quot;detail&quot;:[{&quot;type&quot;:&quot;missing&quot;,&quot;loc&quot;:[&quot;body&quot;,1,&quot;price&quot;],&quot;msg&quot;:&quot;Field required&quot;,&quot;input&quot;:{&quot;brand&quot;:&quot;bad&quot;,&quot;model_number&quot;:&quot;bad&quot;,&quot;category&quot;:&quot;laser&quot;,&quot;usage_types&quot;:[&quot;home&quot;],&quot;stock&quot;:1,&quot;condition&quot;:&quot;new&quot;},&quot;url&quot;:&quot;h" /></testcase><testcase classname="backend.tests.test_wave16.TestPrintersBulk" name="test_bulk_empty_array_400" time="0.750" /><testcase classname="backend.tests.test_wave16.TestPrintersBulk" name="test_bulk_over_200_rows_400" time="0.792" /><testcase classname="backend.tests.test_wave16.TestPrintersBulk" name="test_bulk_guest_blocked" time="0.110" /><testcase classname="backend.tests.test_wave16.TestSinglePaperDescription" name="test_create_paper_with_description_and_image_url" time="3.157" /><testcase classname="backend.tests.test_wave16.TestRegression" name="test_create_printer_single" time="1.459" /><testcase classname="backend.tests.test_wave16.TestRegression" name="test_create_toner_listing_single" time="2.095" /><testcase classname="backend.tests.test_wave16.TestRegression" name="test_public_papers" time="0.437" /><testcase classname="backend.tests.test_wave16.TestRegression" name="test_public_printers" time="0.438" /></testsuite></testsuites>