<?xml version="1.0" encoding="utf-8"?><testsuites name="pytest tests"><testsuite name="pytest" errors="0" failures="0" skipped="0" tests="18" time="12.779" timestamp="2026-05-25T14:09:20.318108+00:00" hostname="agent-env-4a881df6-ae37-45d9-8277-25ab31694ec0"><testcase classname="backend.tests.test_v3_batch.TestPageview" name="test_pageview_public_ok" time="0.857" /><testcase classname="backend.tests.test_v3_batch.TestPageview" name="test_pageview_minimal_payload" time="0.434" /><testcase classname="backend.tests.test_v3_batch.TestPageview" name="test_pageview_invalid_payload_no_500" time="0.114" /><testcase classname="backend.tests.test_v3_batch.TestPageview" name="test_pageview_multiple_devices" time="1.393" /><testcase classname="backend.tests.test_v3_batch.TestVisitorAnalytics" name="test_analytics_admin_only" time="0.239" /><testcase classname="backend.tests.test_v3_batch.TestVisitorAnalytics" name="test_analytics_admin_structure" time="2.344" /><testcase classname="backend.tests.test_v3_batch.TestLandingData" name="test_landing_public" time="1.684" /><testcase classname="backend.tests.test_v3_batch.TestLandingData" name="test_landing_cache_within_5min" time="0.758" /><testcase classname="backend.tests.test_v3_batch.TestFeaturedImage" name="test_featured_image_admin_only" time="0.119" /><testcase classname="backend.tests.test_v3_batch.TestFeaturedImage" name="test_featured_image_too_large_returns_400" time="1.071" /><testcase classname="backend.tests.test_v3_batch.TestSuspendAuth" name="test_suspend_requires_admin" time="0.136" /><testcase classname="backend.tests.test_v3_batch.TestSuspendAuth" name="test_unsuspend_requires_admin" time="0.128" /><testcase classname="backend.tests.test_v3_batch.TestSuspendAuth" name="test_suspend_buyer_forbidden" time="1.615" /><testcase classname="backend.tests.test_v3_batch.TestSupplierPapersPut" name="test_papers_put_unauthenticated" time="0.178" /><testcase classname="backend.tests.test_v3_batch.TestSupplierPapersPut" name="test_papers_put_buyer_forbidden" time="0.655" /><testcase classname="backend.tests.test_v3_batch.TestOrdersRegression" name="test_listings_nonexistent_returns_404" time="0.437" /><testcase classname="backend.tests.test_v3_batch.TestSmoke" name="test_api_root" time="0.122" /><testcase classname="backend.tests.test_v3_batch.TestSmoke" name="test_papers_list" time="0.412" /></testsuite></testsuites>