<?xml version="1.0" encoding="utf-8"?><testsuites name="pytest tests"><testsuite name="pytest" errors="0" failures="1" skipped="0" tests="15" time="9.772" timestamp="2026-05-25T18:15:09.174662+00:00" hostname="agent-env-4a881df6-ae37-45d9-8277-25ab31694ec0"><testcase classname="backend.tests.test_wave5.TestSearchVariants" name="test_search_rows_contain_variants_field" time="1.002" /><testcase classname="backend.tests.test_wave5.TestPublicProductEndpoints" name="test_listing_public_404_for_missing" time="0.364" /><testcase classname="backend.tests.test_wave5.TestPublicProductEndpoints" name="test_listing_public_returns_variants_field" time="1.653" /><testcase classname="backend.tests.test_wave5.TestPublicProductEndpoints" name="test_listing_public_no_auth_required" time="0.775" /><testcase classname="backend.tests.test_wave5.TestPublicProductEndpoints" name="test_printer_public_404_for_missing" time="0.379" /><testcase classname="backend.tests.test_wave5.TestPublicProductEndpoints" name="test_paper_public_404_for_missing" time="0.358" /><testcase classname="backend.tests.test_wave5.TestListingsByIdRegression" name="test_listings_get_missing_returns_404" time="0.368" /><testcase classname="backend.tests.test_wave5.TestListingsByIdRegression" name="test_listings_get_real_id" time="0.340" /><testcase classname="backend.tests.test_wave5.TestAdminCleanup" name="test_cleanup_unauth_401" time="0.163" /><testcase classname="backend.tests.test_wave5.TestAdminCleanup" name="test_cleanup_buyer_403" time="1.514" /><testcase classname="backend.tests.test_wave5.TestAdminCleanup" name="test_cleanup_admin_dry_run_preview" time="1.151"><failure message="AssertionError: {&quot;detail&quot;:&quot;Cleanup failed: 'SUPABASE_SERVICE_ROLE_KEY'&quot;}&#10;assert 500 == 200&#10; +  where 500 = &lt;Response [500]&gt;.status_code">backend/tests/test_wave5.py:170: in test_cleanup_admin_dry_run_preview
    assert r.status_code == 200, r.text[:300]
E   AssertionError: {"detail":"Cleanup failed: 'SUPABASE_SERVICE_ROLE_KEY'"}
E   assert 500 == 200
E    +  where 500 = &lt;Response [500]&gt;.status_code</failure></testcase><testcase classname="backend.tests.test_wave5.TestSupplierListingImage" name="test_unauth_returns_401" time="0.113" /><testcase classname="backend.tests.test_wave5.TestSupplierListingImage" name="test_buyer_forbidden" time="0.646" /><testcase classname="backend.tests.test_wave5.TestOrdersVariantIdFallback" name="test_orders_unauth" time="0.147" /><testcase classname="backend.tests.test_wave5.TestOrdersVariantIdFallback" name="test_orders_invalid_listing_404_or_400" time="0.683" /></testsuite></testsuites>