<?xml version="1.0" encoding="utf-8"?><testsuites name="pytest tests"><testsuite name="pytest" errors="0" failures="0" skipped="0" tests="33" time="38.798" timestamp="2026-06-09T12:10:52.357955+00:00" hostname="agent-env-c623e7d0-c81a-43be-86b6-6552089e43fb"><testcase classname="tests.test_iteration34_compat" name="test_db_has_min_500_each" time="0.004" /><testcase classname="tests.test_iteration34_compat" name="test_db_covers_all_required_brands" time="0.000" /><testcase classname="tests.test_iteration34_compat" name="test_bidirectional_cross_reference" time="0.000" /><testcase classname="tests.test_iteration34_compat" name="test_api_stats" time="0.179" /><testcase classname="tests.test_iteration34_compat" name="test_api_search_printers" time="0.122" /><testcase classname="tests.test_iteration34_compat" name="test_api_search_toners" time="0.102" /><testcase classname="tests.test_iteration34_compat" name="test_api_printer_detail" time="1.322" /><testcase classname="tests.test_iteration34_compat" name="test_api_printer_404" time="0.109" /><testcase classname="tests.test_iteration34_compat" name="test_tolerant_slug_resolution[hp-laserjet-m1005-HP LaserJet M1005 MFP]" time="1.271" /><testcase classname="tests.test_iteration34_compat" name="test_tolerant_slug_resolution[canon-lbp2900-Canon imageCLASS LBP2900]" time="1.272" /><testcase classname="tests.test_iteration34_compat" name="test_tolerant_slug_resolution[xerox-b305-Xerox B305]" time="1.254" /><testcase classname="tests.test_iteration34_compat" name="test_tolerant_slug_resolution[brother-hl-2321d-Brother HL-L2321D]" time="1.329" /><testcase classname="tests.test_iteration34_compat" name="test_tolerant_slug_resolution[epson-l3150-Epson EcoTank L3150]" time="1.251" /><testcase classname="tests.test_iteration34_compat" name="test_all_printer_pages_resolve" time="0.002" /><testcase classname="tests.test_iteration34_compat" name="test_brands_endpoint" time="0.103" /><testcase classname="tests.test_iteration34_compat" name="test_toner_page_resolves[hp-q2612a]" time="0.687" /><testcase classname="tests.test_iteration34_compat" name="test_toner_page_resolves[hp-88a]" time="1.543" /><testcase classname="tests.test_iteration34_compat" name="test_toner_page_resolves[brother-tn-2280]" time="0.697" /><testcase classname="tests.test_iteration34_compat" name="test_toner_page_resolves[ricoh-sp-320]" time="1.287" /><testcase classname="tests.test_iteration34_compat" name="test_toner_page_404" time="0.100" /><testcase classname="tests.test_iteration34_compat" name="test_all_toner_pages_resolve" time="0.001" /><testcase classname="tests.test_iteration34_compat" name="test_printer_page_has_related" time="1.265" /><testcase classname="tests.test_iteration34_compat" name="test_sitemap_contains_toner_model_pages" time="1.277" /><testcase classname="tests.test_iteration34_compat" name="test_api_notify_graceful" time="0.414" /><testcase classname="tests.test_iteration34_compat" name="test_api_sitemap_contains_compatible_and_listings" time="1.296" /><testcase classname="tests.test_iteration34_dealer_flow" name="test_robots_txt_disallows_protected_areas" time="0.125" /><testcase classname="tests.test_iteration34_dealer_flow" name="test_sitemap_has_compatible_and_listing_urls" time="1.279" /><testcase classname="tests.test_iteration34_dealer_flow" name="test_supplier_signup" time="1.543" /><testcase classname="tests.test_iteration34_dealer_flow" name="test_admin_approves_supplier" time="5.118" /><testcase classname="tests.test_iteration34_dealer_flow" name="test_dealer_create_toner_with_compatible_models" time="3.795" /><testcase classname="tests.test_iteration34_dealer_flow" name="test_dealer_create_consumable_with_compatible_models" time="2.589" /><testcase classname="tests.test_iteration34_dealer_flow" name="test_dealer_create_printer_graceful" time="1.284" /><testcase classname="tests.test_iteration34_dealer_flow" name="test_cleanup_dealer_artifacts" time="6.086" /></testsuite></testsuites>