<?xml version="1.0" encoding="utf-8"?><testsuites name="pytest tests"><testsuite name="pytest" errors="0" failures="0" skipped="1" tests="27" time="20.557" timestamp="2026-06-09T09:47:58.754769+00:00" hostname="agent-env-c623e7d0-c81a-43be-86b6-6552089e43fb"><testcase classname="backend.tests.test_iteration33_refactor.TestRoutersRegistered" name="test_openapi_has_all_router_prefixes" time="0.068" /><testcase classname="backend.tests.test_iteration33_refactor.TestAuth" name="test_admin_login_success" time="0.783" /><testcase classname="backend.tests.test_iteration33_refactor.TestAuth" name="test_login_wrong_password_401" time="0.988" /><testcase classname="backend.tests.test_iteration33_refactor.TestAuth" name="test_me_with_bearer" time="1.682" /><testcase classname="backend.tests.test_iteration33_refactor.TestAuth" name="test_me_without_token_unauthorized" time="0.046" /><testcase classname="backend.tests.test_iteration33_refactor.TestSearch" name="test_universal_search_xerox" time="1.612" /><testcase classname="backend.tests.test_iteration33_refactor.TestSearch" name="test_ai_search_degrades_gracefully" time="0.045" /><testcase classname="backend.tests.test_iteration33_refactor.TestProducts" name="test_listings_search_paginated" time="0.658" /><testcase classname="backend.tests.test_iteration33_refactor.TestProducts" name="test_printers" time="0.358" /><testcase classname="backend.tests.test_iteration33_refactor.TestProducts" name="test_papers" time="0.346" /><testcase classname="backend.tests.test_iteration33_refactor.TestProducts" name="test_consumables" time="0.358" /><testcase classname="backend.tests.test_iteration33_refactor.TestProducts" name="test_listing_by_id_or_404" time="1.310" /><testcase classname="backend.tests.test_iteration33_refactor.TestFeatured" name="test_featured_suppliers" time="1.218" /><testcase classname="backend.tests.test_iteration33_refactor.TestOrders" name="test_orders_list_requires_auth" time="0.045" /><testcase classname="backend.tests.test_iteration33_refactor.TestOrders" name="test_orders_list_as_admin" time="1.816" /><testcase classname="backend.tests.test_iteration33_refactor.TestOrders" name="test_order_status_transition_unauth" time="0.048" /><testcase classname="backend.tests.test_iteration33_refactor.TestSuppliers" name="test_supplier_storefront" time="2.416" /><testcase classname="backend.tests.test_iteration33_refactor.TestAdminRouter" name="test_dealers" time="0.938" /><testcase classname="backend.tests.test_iteration33_refactor.TestAdminRouter" name="test_customers" time="1.244" /><testcase classname="backend.tests.test_iteration33_refactor.TestAdminRouter" name="test_finance_summary" time="0.927" /><testcase classname="backend.tests.test_iteration33_refactor.TestAdminRouter" name="test_activity_log" time="0.926" /><testcase classname="backend.tests.test_iteration33_refactor.TestAdminRouter" name="test_oem_pending" time="0.945" /><testcase classname="backend.tests.test_iteration33_refactor.TestAdminRouter" name="test_procurement_pending" time="0.927" /><testcase classname="backend.tests.test_iteration33_refactor.TestAdminRouter" name="test_admin_endpoints_require_admin" time="0.090" /><testcase classname="backend.tests.test_iteration33_refactor.TestProcurement" name="test_procurement_public_get" time="0.136"><skipped type="pytest.skip" message="no public procurement GET found - all 404">/app/backend/tests/test_iteration33_refactor.py:241: no public procurement GET found - all 404</skipped></testcase><testcase classname="backend.tests.test_iteration33_refactor.TestOEM" name="test_oem_public" time="0.350" /><testcase classname="backend.tests.test_iteration33_refactor.TestCrossModuleIntegrity" name="test_admin_write_visible_to_public_read" time="0.181" /></testsuite></testsuites>