<?xml version="1.0" encoding="utf-8"?><testsuites name="pytest tests"><testsuite name="pytest" errors="0" failures="0" skipped="0" tests="5" time="25.117" timestamp="2026-06-07T13:09:37.154344+00:00" hostname="agent-env-c623e7d0-c81a-43be-86b6-6552089e43fb"><testcase classname="backend.tests.test_iteration29.TestEditPrinterPreservesImages" name="test_edit_printer_scalar_keeps_images" time="13.883" /><testcase classname="backend.tests.test_iteration29.TestEditPaperPreservesImages" name="test_edit_paper_scalar_keeps_images" time="4.885" /><testcase classname="backend.tests.test_iteration29.TestEditConsumablePreservesImages" name="test_edit_consumable_scalar_keeps_images" time="4.913" /><testcase classname="backend.tests.test_iteration29.TestEditEndpoints403ForNonSupplier" name="test_printer_put_admin_forbidden" time="0.667" /><testcase classname="backend.tests.test_iteration29.TestEditEndpoints403ForNonSupplier" name="test_paper_put_admin_forbidden" time="0.688" /></testsuite></testsuites>