<?xml version="1.0" encoding="utf-8"?><testsuites name="pytest tests"><testsuite name="pytest" errors="0" failures="0" skipped="0" tests="14" time="22.022" timestamp="2026-06-06T19:01:16.099308+00:00" hostname="agent-env-c623e7d0-c81a-43be-86b6-6552089e43fb"><testcase classname="backend.tests.test_iteration27.TestAdminReadEndpoints" name="test_customers_list" time="1.769" /><testcase classname="backend.tests.test_iteration27.TestAdminReadEndpoints" name="test_customers_list_shape_has_expected_fields" time="1.209" /><testcase classname="backend.tests.test_iteration27.TestAdminReadEndpoints" name="test_customer_detail_when_any_customer" time="2.679" /><testcase classname="backend.tests.test_iteration27.TestAdminReadEndpoints" name="test_finance_dealers_includes_pending_payout" time="1.239" /><testcase classname="backend.tests.test_iteration27.TestAdminReadEndpoints" name="test_finance_procurement_dues" time="0.923" /><testcase classname="backend.tests.test_iteration27.TestAdminReadEndpoints" name="test_messages_list" time="0.924" /><testcase classname="backend.tests.test_iteration27.TestAdminReadEndpoints" name="test_disputes_list" time="0.939" /><testcase classname="backend.tests.test_iteration27.TestAdminReadEndpoints" name="test_activity_log" time="0.926" /><testcase classname="backend.tests.test_iteration27.TestAdminReadEndpoints" name="test_supplier_detail" time="3.842" /><testcase classname="backend.tests.test_iteration27.TestAdminWriteGraceful503" name="test_flag_order_returns_503_or_2xx" time="3.249" /><testcase classname="backend.tests.test_iteration27.TestAdminWriteGraceful503" name="test_message_read_toggle_returns_503_or_2xx" time="1.877" /><testcase classname="backend.tests.test_iteration27.TestAdminWriteGraceful503" name="test_dealer_notes_returns_503_or_2xx" time="2.144" /><testcase classname="backend.tests.test_iteration27.TestAuthRequired" name="test_customers_requires_auth" time="0.110" /><testcase classname="backend.tests.test_iteration27.TestAuthRequired" name="test_activity_log_requires_auth" time="0.129" /></testsuite></testsuites>