<?xml version="1.0" encoding="utf-8"?><testsuites name="pytest tests"><testsuite name="pytest" errors="0" failures="0" skipped="0" tests="6" time="13.002" timestamp="2026-06-30T11:46:23.992059+00:00" hostname="agent-env-c623e7d0-c81a-43be-86b6-6552089e43fb"><testcase classname="backend.tests.test_wave102_outreach_query" name="test_outreach_funnel_returns_six_stages" time="2.711" /><testcase classname="backend.tests.test_wave102_outreach_query" name="test_outreach_funnel_requires_admin" time="0.155" /><testcase classname="backend.tests.test_wave102_outreach_query" name="test_bulk_create_inserts_audit_log_and_shows_in_funnel" time="8.217" /><testcase classname="backend.tests.test_wave102_outreach_query" name="test_raise_query_requires_auth" time="0.103" /><testcase classname="backend.tests.test_wave102_outreach_query" name="test_raise_query_validates_empty_payload" time="0.696" /><testcase classname="backend.tests.test_wave102_outreach_query" name="test_raise_query_rejects_admin_non_supplier" time="1.046" /></testsuite></testsuites>