<?xml version="1.0" encoding="utf-8"?><testsuites name="pytest tests"><testsuite name="pytest" errors="0" failures="0" skipped="1" tests="7" time="26.216" timestamp="2026-06-07T11:46:13.312067+00:00" hostname="agent-env-c623e7d0-c81a-43be-86b6-6552089e43fb"><testcase classname="backend.tests.test_iteration28.TestSupplierProfile" name="test_profile_update_requires_supplier_role" time="4.397"><skipped type="pytest.skip" message="see test_profile_update_admin_forbidden — true 403 via admin role">/app/backend/tests/test_iteration28.py:124: see test_profile_update_admin_forbidden — true 403 via admin role</skipped></testcase><testcase classname="backend.tests.test_iteration28.TestSupplierProfile" name="test_profile_update_admin_forbidden" time="0.826" /><testcase classname="backend.tests.test_iteration28.TestSupplierProfile" name="test_profile_update_supplier_success" time="8.888" /><testcase classname="backend.tests.test_iteration28.TestCreateTonerWithoutModelNumber" name="test_create_toner_derived_model_from_compatible_models" time="1.938" /><testcase classname="backend.tests.test_iteration28.TestCreateTonerWithoutModelNumber" name="test_get_listing_back_has_compatible_models" time="1.342" /><testcase classname="backend.tests.test_iteration28.TestBulkUploadNoModelNumber" name="test_bulk_upload_without_model_number_column" time="4.391" /><testcase classname="backend.tests.test_iteration28.TestUpdateListingPreservesImages" name="test_create_listing_with_images_then_update_price" time="4.343" /></testsuite></testsuites>