<?xml version="1.0" encoding="utf-8"?><testsuites name="pytest tests"><testsuite name="pytest" errors="0" failures="0" skipped="0" tests="9" time="82.735" timestamp="2026-06-09T14:37:34.945461+00:00" hostname="agent-env-c623e7d0-c81a-43be-86b6-6552089e43fb"><testcase classname="tests.test_iteration36_compat_refinements" name="test_brother_tn2280_same_brand_all_toner_type" time="1.569" /><testcase classname="tests.test_iteration36_compat_refinements" name="test_ink_page_same_brand_only_inks" time="1.615" /><testcase classname="tests.test_iteration36_compat_refinements" name="test_toner_related_cards_have_type_and_printers_count" time="0.732" /><testcase classname="tests.test_iteration36_compat_refinements" name="test_printer_related_cards_have_counts" time="1.358" /><testcase classname="tests.test_iteration36_compat_refinements" name="test_supplier_signup" time="1.641" /><testcase classname="tests.test_iteration36_compat_refinements" name="test_admin_approves_supplier" time="65.967" /><testcase classname="tests.test_iteration36_compat_refinements" name="test_dealer_create_q2612a_listing" time="4.652" /><testcase classname="tests.test_iteration36_compat_refinements" name="test_listing_shape_and_sort_on_toner_page" time="1.032" /><testcase classname="tests.test_iteration36_compat_refinements" name="test_cleanup_dealer_artifacts" time="4.071" /></testsuite></testsuites>