<?xml version="1.0" encoding="utf-8"?><testsuites name="pytest tests"><testsuite name="pytest" errors="0" failures="0" skipped="0" tests="17" time="8.815" timestamp="2026-06-04T11:16:30.747116+00:00" hostname="agent-env-c623e7d0-c81a-43be-86b6-6552089e43fb"><testcase classname="backend.tests.test_wave15.TestSearchPaginatedNearCity" name="test_paginated_no_near_city_baseline" time="1.712" /><testcase classname="backend.tests.test_wave15.TestSearchPaginatedNearCity" name="test_paginated_near_city_local_first[Bangalore]" time="0.641" /><testcase classname="backend.tests.test_wave15.TestSearchPaginatedNearCity" name="test_paginated_near_city_local_first[Mumbai]" time="0.649" /><testcase classname="backend.tests.test_wave15.TestSearchPaginatedNearCity" name="test_paginated_near_city_local_first[Delhi]" time="0.599" /><testcase classname="backend.tests.test_wave15.TestSearchPaginatedNearCity" name="test_paginated_hard_city_ignores_near_city" time="0.327" /><testcase classname="backend.tests.test_wave15.TestPrintersPapersNearCity" name="test_near_city_200[/printers-Bangalore]" time="0.323" /><testcase classname="backend.tests.test_wave15.TestPrintersPapersNearCity" name="test_near_city_200[/printers-Mumbai]" time="0.325" /><testcase classname="backend.tests.test_wave15.TestPrintersPapersNearCity" name="test_near_city_200[/papers-Bangalore]" time="0.330" /><testcase classname="backend.tests.test_wave15.TestPrintersPapersNearCity" name="test_near_city_200[/papers-Delhi]" time="0.324" /><testcase classname="backend.tests.test_wave15.TestListingViewPing" name="test_view_ping_guest_ok" time="0.333" /><testcase classname="backend.tests.test_wave15.TestListingViewPing" name="test_view_ping_kinds[toner]" time="0.326" /><testcase classname="backend.tests.test_wave15.TestListingViewPing" name="test_view_ping_kinds[printer]" time="0.322" /><testcase classname="backend.tests.test_wave15.TestListingViewPing" name="test_view_ping_kinds[paper]" time="0.322" /><testcase classname="backend.tests.test_wave15.TestListingViewPing" name="test_view_ping_no_city" time="0.330" /><testcase classname="backend.tests.test_wave15.TestSupplierAnalyticsAuth" name="test_guest_blocked" time="0.057" /><testcase classname="backend.tests.test_wave15.TestRegression" name="test_search_no_near_city_ok" time="0.606" /><testcase classname="backend.tests.test_wave15.TestRegression" name="test_listings_public_detail" time="1.210" /></testsuite></testsuites>