<?xml version="1.0" encoding="utf-8"?><testsuites name="pytest tests"><testsuite name="pytest" errors="0" failures="2" skipped="0" tests="12" time="33.396" timestamp="2026-06-11T11:27:47.324394+00:00" hostname="agent-env-c623e7d0-c81a-43be-86b6-6552089e43fb"><testcase classname="tests.test_wave22_all_categories" name="test_intercity_order_per_category[toner]" time="3.489"><failure message="AssertionError: toner order failed: 500 Internal Server Error&#10;assert 500 == 200&#10; +  where 500 = &lt;Response [500]&gt;.status_code">tests/test_wave22_all_categories.py:99: in test_intercity_order_per_category
    assert r.status_code == 200, f"{kind} order failed: {r.status_code} {r.text}"
E   AssertionError: toner order failed: 500 Internal Server Error
E   assert 500 == 200
E    +  where 500 = &lt;Response [500]&gt;.status_code</failure></testcase><testcase classname="tests.test_wave22_all_categories" name="test_intercity_order_per_category[printer]" time="3.563" /><testcase classname="tests.test_wave22_all_categories" name="test_intercity_order_per_category[paper]" time="2.915" /><testcase classname="tests.test_wave22_all_categories" name="test_intercity_order_per_category[scanner]" time="2.911" /><testcase classname="tests.test_wave22_all_categories" name="test_intercity_order_per_category[consumable]" time="2.896" /><testcase classname="tests.test_wave22_all_categories" name="test_same_city_free_per_category[toner]" time="1.657"><failure message="AssertionError: toner same-city order failed: Internal Server Error&#10;assert 500 == 200&#10; +  where 500 = &lt;Response [500]&gt;.status_code">tests/test_wave22_all_categories.py:131: in test_same_city_free_per_category
    assert r.status_code == 200, f"{kind} same-city order failed: {r.text}"
E   AssertionError: toner same-city order failed: Internal Server Error
E   assert 500 == 200
E    +  where 500 = &lt;Response [500]&gt;.status_code</failure></testcase><testcase classname="tests.test_wave22_all_categories" name="test_same_city_free_per_category[printer]" time="3.496" /><testcase classname="tests.test_wave22_all_categories" name="test_same_city_free_per_category[paper]" time="2.918" /><testcase classname="tests.test_wave22_all_categories" name="test_same_city_free_per_category[scanner]" time="2.909" /><testcase classname="tests.test_wave22_all_categories" name="test_same_city_free_per_category[consumable]" time="2.868" /><testcase classname="tests.test_wave22_all_categories" name="test_alias_aware_same_city" time="2.938" /><testcase classname="tests.test_wave22_all_categories" name="test_resolver_charge_once_per_dealer" time="0.746" /></testsuite></testsuites>