<?xml version="1.0" encoding="utf-8"?><testsuites name="pytest tests"><testsuite name="pytest" errors="0" failures="0" skipped="0" tests="7" time="12.092" timestamp="2026-06-06T10:03:46.436901+00:00" hostname="agent-env-c623e7d0-c81a-43be-86b6-6552089e43fb"><testcase classname="tests.test_iteration26.TestHealth" name="test_root" time="0.174" /><testcase classname="tests.test_iteration26.TestHealth" name="test_listings_search_paginated" time="0.924" /><testcase classname="tests.test_iteration26.TestHealth" name="test_landing_data" time="1.832" /><testcase classname="tests.test_iteration26.TestAdminDealers" name="test_admin_me" time="1.702" /><testcase classname="tests.test_iteration26.TestAdminDealers" name="test_admin_dealers_list" time="0.946" /><testcase classname="tests.test_iteration26.TestOrderPlacement" name="test_place_order_does_not_500" time="5.144" /><testcase classname="tests.test_iteration26.TestOrderPlacement" name="test_customer_dashboard_no_500" time="1.302" /></testsuite></testsuites>