<?xml version="1.0" encoding="utf-8"?><testsuites name="pytest tests"><testsuite name="pytest" errors="0" failures="0" skipped="0" tests="58" time="97.164" timestamp="2026-05-03T14:36:04.145350+00:00" hostname="agent-env-4a881df6-ae37-45d9-8277-25ab31694ec0"><testcase classname="tests.test_supabase_backend.TestHealth" name="test_root" time="0.145" /><testcase classname="tests.test_supabase_backend.TestSignup" name="test_signup_customer" time="0.821" /><testcase classname="tests.test_supabase_backend.TestSignup" name="test_signup_supplier_will_be_approved" time="1.452" /><testcase classname="tests.test_supabase_backend.TestSignup" name="test_signup_supplier_will_be_rejected" time="1.504" /><testcase classname="tests.test_supabase_backend.TestSignup" name="test_signup_duplicate_email" time="0.425" /><testcase classname="tests.test_supabase_backend.TestAuthMe" name="test_admin_me" time="1.161" /><testcase classname="tests.test_supabase_backend.TestAuthMe" name="test_customer_me" time="1.126" /><testcase classname="tests.test_supabase_backend.TestAuthMe" name="test_supplier_pending_me" time="1.656" /><testcase classname="tests.test_supabase_backend.TestAuthMe" name="test_existing_approved_supplier_me" time="1.389" /><testcase classname="tests.test_supabase_backend.TestAuthMe" name="test_no_token_401" time="0.135" /><testcase classname="tests.test_supabase_backend.TestAdminApproval" name="test_admin_pending_list" time="0.971" /><testcase classname="tests.test_supabase_backend.TestAdminApproval" name="test_non_admin_forbidden_on_admin" time="0.672" /><testcase classname="tests.test_supabase_backend.TestAdminApproval" name="test_approve_supplier" time="2.714" /><testcase classname="tests.test_supabase_backend.TestAdminApproval" name="test_reject_supplier" time="3.438" /><testcase classname="tests.test_supabase_backend.TestSupplierListings" name="test_unapproved_supplier_cannot_list" time="3.231" /><testcase classname="tests.test_supabase_backend.TestSupplierListings" name="test_approved_supplier_can_list_original" time="1.960" /><testcase classname="tests.test_supabase_backend.TestSupplierListings" name="test_refilled_accepted" time="1.559" /><testcase classname="tests.test_supabase_backend.TestSupplierListings" name="test_invalid_toner_type_rejected" time="0.995" /><testcase classname="tests.test_supabase_backend.TestSupplierListings" name="test_supplier_role_forbidden_for_customer" time="0.702" /><testcase classname="tests.test_supabase_backend.TestPublicListings" name="test_search_hp_88a" time="0.441" /><testcase classname="tests.test_supabase_backend.TestPublicListings" name="test_grouped" time="0.424" /><testcase classname="tests.test_supabase_backend.TestPublicListings" name="test_facets" time="0.423" /><testcase classname="tests.test_supabase_backend.TestPublicListings" name="test_toner_master_search" time="0.409" /><testcase classname="tests.test_supabase_backend.TestPublicListings" name="test_toner_master_brands" time="0.419" /><testcase classname="tests.test_supabase_backend.TestOrders" name="test_create_order_and_decrements_stock" time="3.072" /><testcase classname="tests.test_supabase_backend.TestOrders" name="test_orders_mine_customer" time="0.999" /><testcase classname="tests.test_supabase_backend.TestOrders" name="test_supplier_accepts_with_tracking" time="1.558" /><testcase classname="tests.test_supabase_backend.TestOrders" name="test_supplier_ships" time="1.606" /><testcase classname="tests.test_supabase_backend.TestOrders" name="test_customer_cannot_change_to_delivered" time="1.019" /><testcase classname="tests.test_supabase_backend.TestOrders" name="test_supplier_delivers" time="1.524" /><testcase classname="tests.test_supabase_backend.TestOrders" name="test_customer_cancel_own_order" time="2.838" /><testcase classname="tests.test_supabase_backend.TestOrders" name="test_supplier_orders_mine" time="1.269" /><testcase classname="tests.test_supabase_backend.TestAdminStats" name="test_stats" time="2.085" /><testcase classname="tests.test_supabase_backend.TestChat" name="test_chat_llm" time="6.433" /><testcase classname="tests.test_supabase_backend.TestChat" name="test_chat_empty_messages" time="0.161" /><testcase classname="tests.test_supabase_backend.TestAuthEnforcement" name="test_admin_requires_admin" time="1.701" /><testcase classname="tests.test_supabase_backend.TestAuthEnforcement" name="test_supplier_requires_supplier" time="0.879" /><testcase classname="tests.test_supabase_backend.TestV2SupplierOnboarding" name="test_signup_supplier_extended_payload" time="1.613" /><testcase classname="tests.test_supabase_backend.TestV2SupplierOnboarding" name="test_v2_admin_pending_has_new_fields" time="1.057" /><testcase classname="tests.test_supabase_backend.TestV2SupplierOnboarding" name="test_signup_supplier_empty_seller_types" time="1.526" /><testcase classname="tests.test_supabase_backend.TestV2SupplierOnboarding" name="test_supplier_documents_patch" time="3.347" /><testcase classname="tests.test_supabase_backend.TestV2SupplierOnboarding" name="test_supplier_documents_requires_auth" time="0.139" /><testcase classname="tests.test_supabase_backend.TestV2SupplierOnboarding" name="test_admin_documents_endpoint" time="1.787" /><testcase classname="tests.test_supabase_backend.TestV2SupplierOnboarding" name="test_admin_documents_for_empty_app" time="2.232" /><testcase classname="tests.test_supabase_backend.TestV2SupplierOnboarding" name="test_approve_v2_copies_new_fields" time="4.092" /><testcase classname="tests.test_supabase_backend.TestV2SupplierOnboarding" name="test_reject_v2_empty_with_reason" time="4.396" /><testcase classname="tests.test_batch_fixes.TestOAuthBootstrap" name="test_no_bearer_returns_401" time="0.125" /><testcase classname="tests.test_batch_fixes.TestOAuthBootstrap" name="test_bad_bearer_returns_401" time="0.417" /><testcase classname="tests.test_batch_fixes.TestOAuthBootstrap" name="test_existing_user_bootstrap_idempotent" time="1.165" /><testcase classname="tests.test_batch_fixes.TestOAuthBootstrap" name="test_new_supabase_user_bootstrap_creates_row" time="4.563" /><testcase classname="tests.test_batch_fixes.TestListingCreation" name="test_create_listing_freetext_refilled" time="2.470" /><testcase classname="tests.test_batch_fixes.TestListingCreation" name="test_toner_master_autocreated" time="0.457" /><testcase classname="tests.test_batch_fixes.TestListingCreation" name="test_listing_appears_in_search" time="0.438" /><testcase classname="tests.test_batch_fixes.TestListingCreation" name="test_create_listing_legacy_toner_id" time="1.729" /><testcase classname="tests.test_batch_fixes.TestListingCreation" name="test_missing_both_returns_400" time="1.061" /><testcase classname="tests.test_batch_fixes.TestListingCreation" name="test_invalid_toner_type_returns_400" time="1.042" /><testcase classname="tests.test_batch_fixes.TestCartCheckout" name="test_two_orders_decrement_stock_independently" time="7.286" /><testcase classname="tests.test_batch_fixes.TestCleanup" name="test_delete_test_listings" time="2.794" /></testsuite></testsuites>