<?xml version="1.0" encoding="utf-8"?><testsuites name="pytest tests"><testsuite name="pytest" errors="0" failures="0" skipped="0" tests="12" time="41.382" timestamp="2026-06-07T13:47:11.943937+00:00" hostname="agent-env-c623e7d0-c81a-43be-86b6-6552089e43fb"><testcase classname="backend.tests.test_iteration30.TestAllListingsGetEndpoints" name="test_toner_listings_visible" time="11.422" /><testcase classname="backend.tests.test_iteration30.TestAllListingsGetEndpoints" name="test_printer_listings_mine_visible" time="2.374" /><testcase classname="backend.tests.test_iteration30.TestAllListingsGetEndpoints" name="test_paper_listings_mine_visible" time="2.403" /><testcase classname="backend.tests.test_iteration30.TestAllListingsGetEndpoints" name="test_consumable_listings_mine_visible" time="2.403" /><testcase classname="backend.tests.test_iteration30.TestAllListingsDeleteEndpoints" name="test_delete_toner_removes_row" time="4.136" /><testcase classname="backend.tests.test_iteration30.TestAllListingsDeleteEndpoints" name="test_delete_printer_removes_row" time="3.660" /><testcase classname="backend.tests.test_iteration30.TestAllListingsDeleteEndpoints" name="test_delete_paper_removes_row" time="3.731" /><testcase classname="backend.tests.test_iteration30.TestAllListingsDeleteEndpoints" name="test_delete_consumable_removes_row" time="3.605" /><testcase classname="backend.tests.test_iteration30.TestDeleteEndpoints403ForNonSupplier" name="test_printer_delete_admin_forbidden" time="0.916" /><testcase classname="backend.tests.test_iteration30.TestDeleteEndpoints403ForNonSupplier" name="test_paper_delete_admin_forbidden" time="0.642" /><testcase classname="backend.tests.test_iteration30.TestDeleteEndpoints403ForNonSupplier" name="test_consumable_delete_admin_forbidden" time="0.674" /><testcase classname="backend.tests.test_iteration30.TestSeedLongLivedSupplier" name="test_seed_one_of_each" time="5.319" /></testsuite></testsuites>