<?xml version="1.0" encoding="utf-8"?><testsuites name="pytest tests"><testsuite name="pytest" errors="0" failures="0" skipped="0" tests="18" time="24.565" timestamp="2026-06-09T10:16:45.616148+00:00" hostname="agent-env-c623e7d0-c81a-43be-86b6-6552089e43fb"><testcase classname="tests.test_iteration34_dealer_flow" name="test_robots_txt_disallows_protected_areas" time="0.168" /><testcase classname="tests.test_iteration34_dealer_flow" name="test_sitemap_has_compatible_and_listing_urls" time="1.312" /><testcase classname="tests.test_iteration34_dealer_flow" name="test_supplier_signup" time="1.429" /><testcase classname="tests.test_iteration34_dealer_flow" name="test_admin_approves_supplier" time="5.027" /><testcase classname="tests.test_iteration34_dealer_flow" name="test_dealer_create_toner_with_compatible_models" time="3.631" /><testcase classname="tests.test_iteration34_dealer_flow" name="test_dealer_create_consumable_with_compatible_models" time="2.459" /><testcase classname="tests.test_iteration34_dealer_flow" name="test_dealer_create_printer_graceful" time="1.550" /><testcase classname="tests.test_iteration34_dealer_flow" name="test_cleanup_dealer_artifacts" time="5.721" /><testcase classname="tests.test_iteration34_compat" name="test_db_has_min_500_each" time="0.002" /><testcase classname="tests.test_iteration34_compat" name="test_db_covers_all_required_brands" time="0.000" /><testcase classname="tests.test_iteration34_compat" name="test_bidirectional_cross_reference" time="0.000" /><testcase classname="tests.test_iteration34_compat" name="test_api_stats" time="0.122" /><testcase classname="tests.test_iteration34_compat" name="test_api_search_printers" time="0.097" /><testcase classname="tests.test_iteration34_compat" name="test_api_search_toners" time="0.097" /><testcase classname="tests.test_iteration34_compat" name="test_api_printer_detail" time="1.188" /><testcase classname="tests.test_iteration34_compat" name="test_api_printer_404" time="0.105" /><testcase classname="tests.test_iteration34_compat" name="test_api_notify_graceful" time="0.368" /><testcase classname="tests.test_iteration34_compat" name="test_api_sitemap_contains_compatible_and_listings" time="1.193" /></testsuite></testsuites>