<?xml version="1.0" encoding="utf-8"?><testsuites name="pytest tests"><testsuite name="pytest" errors="0" failures="1" skipped="4" tests="43" time="27.288" timestamp="2026-05-25T18:15:30.431896+00:00" hostname="agent-env-4a881df6-ae37-45d9-8277-25ab31694ec0"><testcase classname="backend.tests.test_wave3.TestSmoke" name="test_api_root" time="0.163" /><testcase classname="backend.tests.test_wave3.TestPapers" name="test_get_papers_graceful" time="0.483" /><testcase classname="backend.tests.test_wave3.TestPapers" name="test_post_paper_requires_supplier" time="1.263" /><testcase classname="backend.tests.test_wave3.TestPapers" name="test_post_paper_supplier_graceful" time="0.000"><skipped type="pytest.skip" message="no approved supplier seed available">/app/backend/tests/test_wave3.py:130: no approved supplier seed available</skipped></testcase><testcase classname="backend.tests.test_wave3.TestSitemapRobots" name="test_sitemap_xml" time="0.130" /><testcase classname="backend.tests.test_wave3.TestSitemapRobots" name="test_robots_txt" time="0.109" /><testcase classname="backend.tests.test_wave3.TestAdminFinance" name="test_finance_summary" time="1.469" /><testcase classname="backend.tests.test_wave3.TestAdminFinance" name="test_finance_dealers" time="1.287" /><testcase classname="backend.tests.test_wave3.TestAdminFinance" name="test_finance_export" time="1.027" /><testcase classname="backend.tests.test_wave3.TestAdminFinance" name="test_finance_dealer_payouts_export" time="1.325" /><testcase classname="backend.tests.test_wave3.TestAdminFinance" name="test_finance_unauth" time="0.116" /><testcase classname="backend.tests.test_wave3.TestSupplierEarnings" name="test_earnings" time="0.000"><skipped type="pytest.skip" message="no approved supplier seed available">/app/backend/tests/test_wave3.py:209: no approved supplier seed available</skipped></testcase><testcase classname="backend.tests.test_wave3.TestSupplierEarnings" name="test_earnings_buyer_forbidden" time="0.715" /><testcase classname="backend.tests.test_wave3.TestListings" name="test_nonexistent_listing_404" time="0.408" /><testcase classname="backend.tests.test_wave3.TestListings" name="test_search_paginated" time="0.698" /><testcase classname="backend.tests.test_wave3.TestListings" name="test_search_paginated_overflow" time="0.728" /><testcase classname="backend.tests.test_wave3.TestSupplierPatch" name="test_patch_listing_bad_id_graceful" time="0.000"><skipped type="pytest.skip" message="no approved supplier seed available">/app/backend/tests/test_wave3.py:251: no approved supplier seed available</skipped></testcase><testcase classname="backend.tests.test_wave3.TestSupplierPatch" name="test_patch_listing_empty_payload" time="0.000"><skipped type="pytest.skip" message="no approved supplier seed available">/app/backend/tests/test_wave3.py:258: no approved supplier seed available</skipped></testcase><testcase classname="backend.tests.test_wave3.TestPasswordReset" name="test_reset_ok" time="0.485" /><testcase classname="backend.tests.test_wave3.TestAdminConfig" name="test_post_popular_chips" time="1.019" /><testcase classname="backend.tests.test_wave3.TestRateLimit" name="test_mps_inquiry_429_on_11th" time="1.360" /><testcase classname="backend.tests.test_wave3.TestRegression" name="test_listings_search" time="0.697" /><testcase classname="backend.tests.test_wave3.TestRegression" name="test_printers_list" time="0.412" /><testcase classname="backend.tests.test_wave3.TestRegression" name="test_auth_me_admin" time="1.295" /><testcase classname="backend.tests.test_wave3.TestRegression" name="test_public_stats" time="0.985" /><testcase classname="backend.tests.test_v3_batch.TestPageview" name="test_pageview_public_ok" time="0.413" /><testcase classname="backend.tests.test_v3_batch.TestPageview" name="test_pageview_minimal_payload" time="0.440" /><testcase classname="backend.tests.test_v3_batch.TestPageview" name="test_pageview_invalid_payload_no_500" time="0.111" /><testcase classname="backend.tests.test_v3_batch.TestPageview" name="test_pageview_multiple_devices" time="1.206" /><testcase classname="backend.tests.test_v3_batch.TestVisitorAnalytics" name="test_analytics_admin_only" time="0.104" /><testcase classname="backend.tests.test_v3_batch.TestVisitorAnalytics" name="test_analytics_admin_structure" time="1.518" /><testcase classname="backend.tests.test_v3_batch.TestLandingData" name="test_landing_public" time="1.568" /><testcase classname="backend.tests.test_v3_batch.TestLandingData" name="test_landing_cache_within_5min" time="0.759" /><testcase classname="backend.tests.test_v3_batch.TestFeaturedImage" name="test_featured_image_admin_only" time="0.139" /><testcase classname="backend.tests.test_v3_batch.TestFeaturedImage" name="test_featured_image_too_large_returns_400" time="1.258"><failure message="AssertionError: 404 {&quot;detail&quot;:&quot;Supplier not found&quot;}&#10;assert 404 == 400&#10; +  where 404 = &lt;Response [404]&gt;.status_code">E   AssertionError: 404 {"detail":"Supplier not found"}
    assert 404 == 400
     +  where 404 = &lt;Response [404]&gt;.status_code</failure></testcase><testcase classname="backend.tests.test_v3_batch.TestSuspendAuth" name="test_suspend_requires_admin" time="0.115" /><testcase classname="backend.tests.test_v3_batch.TestSuspendAuth" name="test_unsuspend_requires_admin" time="0.124" /><testcase classname="backend.tests.test_v3_batch.TestSuspendAuth" name="test_suspend_buyer_forbidden" time="1.189" /><testcase classname="backend.tests.test_v3_batch.TestSupplierPapersPut" name="test_papers_put_unauthenticated" time="0.137" /><testcase classname="backend.tests.test_v3_batch.TestSupplierPapersPut" name="test_papers_put_buyer_forbidden" time="0.980" /><testcase classname="backend.tests.test_v3_batch.TestOrdersRegression" name="test_listings_nonexistent_returns_404" time="0.418" /><testcase classname="backend.tests.test_v3_batch.TestSmoke" name="test_api_root" time="0.105" /><testcase classname="backend.tests.test_v3_batch.TestSmoke" name="test_papers_list" time="0.398" /></testsuite></testsuites>