<?xml version="1.0" encoding="utf-8"?><testsuites name="pytest tests"><testsuite name="pytest" errors="0" failures="0" skipped="0" tests="7" time="1.709" timestamp="2026-05-27T20:14:11.652528+00:00" hostname="agent-env-8048f6c1-68dc-4789-a0d4-9130e09483ee"><testcase classname="backend.tests.test_wave14" name="test_quotation_email_toner_specs_section_present" time="0.001" /><testcase classname="backend.tests.test_wave14" name="test_quotation_email_branding_toners_black_cart_cyan" time="0.000" /><testcase classname="backend.tests.test_wave14" name="test_quotation_email_no_yellow_in_brand_logo" time="0.000" /><testcase classname="backend.tests.test_wave14" name="test_quotation_email_printer_specs_section" time="0.000" /><testcase classname="backend.tests.test_wave14" name="test_envelope_shell_branding_white_bg_and_cyan_cart" time="0.000" /><testcase classname="backend.tests.test_wave14" name="test_public_listings_grouped_reachable" time="0.526" /><testcase classname="backend.tests.test_wave14" name="test_public_d2d_listings_shape" time="1.022" /></testsuite></testsuites>