<?xml version="1.0" encoding="utf-8"?><testsuites name="pytest tests"><testsuite name="pytest" errors="0" failures="0" skipped="0" tests="5" time="2.096" timestamp="2026-06-11T16:30:28.732035+00:00" hostname="agent-env-c623e7d0-c81a-43be-86b6-6552089e43fb"><testcase classname="backend.tests.test_iteration39_brands.TestTonerSearchCleaned" name="test_search_returns_items" time="1.252" /><testcase classname="backend.tests.test_iteration39_brands.TestTonerSearchCleaned" name="test_all_brands_are_canonical" time="0.000" /><testcase classname="backend.tests.test_iteration39_brands.TestTonerSearchCleaned" name="test_model_number_is_populated" time="0.670" /><testcase classname="backend.tests.test_iteration39_brands.TestCompatPrinterSearch" name="test_search_canon_lbp" time="0.054" /><testcase classname="backend.tests.test_iteration39_brands.TestCompatPrinterSearch" name="test_search_short_query_ok" time="0.052" /></testsuite></testsuites>