<?xml version="1.0" encoding="utf-8"?><testsuites name="pytest tests"><testsuite name="pytest" errors="0" failures="3" skipped="4" tests="25" time="19.529" timestamp="2026-05-25T08:47:00.732038+00:00" hostname="agent-env-4a881df6-ae37-45d9-8277-25ab31694ec0"><testcase classname="backend.tests.test_wave3.TestSmoke" name="test_api_root" time="0.400" /><testcase classname="backend.tests.test_wave3.TestPapers" name="test_get_papers_graceful" time="1.436" /><testcase classname="backend.tests.test_wave3.TestPapers" name="test_post_paper_requires_supplier" time="2.130" /><testcase classname="backend.tests.test_wave3.TestPapers" name="test_post_paper_supplier_graceful" time="0.000"><skipped type="pytest.skip" message="no approved supplier seed available">/app/backend/tests/test_wave3.py:130: no approved supplier seed available</skipped></testcase><testcase classname="backend.tests.test_wave3.TestSitemapRobots" name="test_sitemap_xml" time="0.116"><failure message="AssertionError: text/html; charset=utf-8&#10;assert 'xml' in 'text/html; charset=utf-8'&#10; +  where 'text/html; charset=utf-8' = &lt;built-in method lower of str object at 0xfc9c418af500&gt;()&#10; +    where &lt;built-in method lower of str object at 0xfc9c418af500&gt; = 'text/html; charset=utf-8'.lower">backend/tests/test_wave3.py:146: in test_sitemap_xml
    assert "xml" in ct.lower(), ct
E   AssertionError: text/html; charset=utf-8
E   assert 'xml' in 'text/html; charset=utf-8'
E    +  where 'text/html; charset=utf-8' = &lt;built-in method lower of str object at 0xfc9c418af500&gt;()
E    +    where &lt;built-in method lower of str object at 0xfc9c418af500&gt; = 'text/html; charset=utf-8'.lower</failure></testcase><testcase classname="backend.tests.test_wave3.TestSitemapRobots" name="test_robots_txt" time="0.123"><failure message="assert 'Sitemap:' in '# As a condition of accessing this website, you agree to abide by the following\n# content signals:\n\n# (a)  If a Content-Signal = yes, you may collect content for the corresponding\n#      use.\n# (b)  If a Content-Signal = no, you may not collect content for the\n#      corresponding use.\n# (c)  If the website operator does not include a Content-Signal for a\n#      corresponding use, the website operator neither grants nor restricts\n#      permission via Content-Signal with respect to the corresponding use.\n\n# The content signals and their meanings are:\n\n# search:   building a search index and providing search results (e.g., returning\n#           hyperlinks and short excerpts from your website\'s contents). Search does not\n#           include providing AI-generated search summaries.\n# ai-input: inputting content into one or more AI models (e.g., retrieval\n#           augmented generation, grounding, or other real-time taking of content for\n#           generative AI search answers).\n# ai-train: training or fine-tuning AI models.\n\n# ANY RESTRICTIONS EXPRESSED VIA CONTENT SIGNALS ARE EXPRESS RESERVATIONS OF\n# RIGHTS UNDER ARTICLE 4 OF THE EUROPEAN UNION DIRECTIVE...ing sessionRecordingStarted captureException loadToolbar get_property getSessionProperty Es $s createPersonProfile Is opt_in_capturing opt_out_capturing has_opted_in_capturing has_opted_out_capturing clear_opt_in_out_capturing Ss debug xs getPageViewId captureTraceFeedback captureTraceMetric&quot;.split(\n                                        &quot; &quot;,\n                                    ),\n                                n = 0;\n                            n &lt; o.length;\n                            n++\n                        )\n                            g(u, o[n]);\n                        e._i.push([i, s, a]);\n                    }),\n                    (e.__SV = 1));\n            })(document, window.posthog || []);\n            posthog.init(&quot;phc_xAvL2Iq4tFmANRE7kzbKwaSqp1HJjN7x48s3vr0CMjs&quot;, {\n                api_host: &quot;https://us.i.posthog.com&quot;,\n                person_profiles: &quot;identified_only&quot;, // or \'always\' to create profiles for anonymous users as well,\n                session_recording: {\n                    recordCrossOriginIframes: true,\n                    capturePerformance: false,\n                },\n            });\n        &lt;/script&gt;\n    &lt;/body&gt;\n&lt;/html&gt;\n'&#10; +  where '# As a condition of accessing this website, you agree to abide by the following\n# content signals:\n\n# (a)  If a Content-Signal = yes, you may collect content for the corresponding\n#      use.\n# (b)  If a Content-Signal = no, you may not collect content for the\n#      corresponding use.\n# (c)  If the website operator does not include a Content-Signal for a\n#      corresponding use, the website operator neither grants nor restricts\n#      permission via Content-Signal with respect to the corresponding use.\n\n# The content signals and their meanings are:\n\n# search:   building a search index and providing search results (e.g., returning\n#           hyperlinks and short excerpts from your website\'s contents). Search does not\n#           include providing AI-generated search summaries.\n# ai-input: inputting content into one or more AI models (e.g., retrieval\n#           augmented generation, grounding, or other real-time taking of content for\n#           generative AI search answers).\n# ai-train: training or fine-tuning AI models.\n\n# ANY RESTRICTIONS EXPRESSED VIA CONTENT SIGNALS ARE EXPRESS RESERVATIONS OF\n# RIGHTS UNDER ARTICLE 4 OF THE EUROPEAN UNION DIRECTIVE...ing sessionRecordingStarted captureException loadToolbar get_property getSessionProperty Es $s createPersonProfile Is opt_in_capturing opt_out_capturing has_opted_in_capturing has_opted_out_capturing clear_opt_in_out_capturing Ss debug xs getPageViewId captureTraceFeedback captureTraceMetric&quot;.split(\n                                        &quot; &quot;,\n                                    ),\n                                n = 0;\n                            n &lt; o.length;\n                            n++\n                        )\n                            g(u, o[n]);\n                        e._i.push([i, s, a]);\n                    }),\n                    (e.__SV = 1));\n            })(document, window.posthog || []);\n            posthog.init(&quot;phc_xAvL2Iq4tFmANRE7kzbKwaSqp1HJjN7x48s3vr0CMjs&quot;, {\n                api_host: &quot;https://us.i.posthog.com&quot;,\n                person_profiles: &quot;identified_only&quot;, // or \'always\' to create profiles for anonymous users as well,\n                session_recording: {\n                    recordCrossOriginIframes: true,\n                    capturePerformance: false,\n                },\n            });\n        &lt;/script&gt;\n    &lt;/body&gt;\n&lt;/html&gt;\n' = &lt;Response [200]&gt;.text">backend/tests/test_wave3.py:160: in test_robots_txt
    assert "Sitemap:" in r.text
E   assert 'Sitemap:' in '# As a condition of accessing this website, you agree to abide by the following\n# content signals:\n\n# (a)  If a Content-Signal = yes, you may collect content for the corresponding\n#      use.\n# (b)  If a Content-Signal = no, you may not collect content for the\n#      corresponding use.\n# (c)  If the website operator does not include a Content-Signal for a\n#      corresponding use, the website operator neither grants nor restricts\n#      permission via Content-Signal with respect to the corresponding use.\n\n# The content signals and their meanings are:\n\n# search:   building a search index and providing search results (e.g., returning\n#           hyperlinks and short excerpts from your website\'s contents). Search does not\n#           include providing AI-generated search summaries.\n# ai-input: inputting content into one or more AI models (e.g., retrieval\n#           augmented generation, grounding, or other real-time taking of content for\n#           generative AI search answers).\n# ai-train: training or fine-tuning AI models.\n\n# ANY RESTRICTIONS EXPRESSED VIA CONTENT SIGNALS ARE EXPRESS RESERVATIONS OF\n# RIGHTS UNDER ARTICLE 4 OF THE EUROPEAN UNION DIRECTIVE...ing sessionRecordingStarted captureException loadToolbar get_property getSessionProperty Es $s createPersonProfile Is opt_in_capturing opt_out_capturing has_opted_in_capturing has_opted_out_capturing clear_opt_in_out_capturing Ss debug xs getPageViewId captureTraceFeedback captureTraceMetric".split(\n                                        " ",\n                                    ),\n                                n = 0;\n                            n &lt; o.length;\n                            n++\n                        )\n                            g(u, o[n]);\n                        e._i.push([i, s, a]);\n                    }),\n                    (e.__SV = 1));\n            })(document, window.posthog || []);\n            posthog.init("phc_xAvL2Iq4tFmANRE7kzbKwaSqp1HJjN7x48s3vr0CMjs", {\n                api_host: "https://us.i.posthog.com",\n                person_profiles: "identified_only", // or \'always\' to create profiles for anonymous users as well,\n                session_recording: {\n                    recordCrossOriginIframes: true,\n                    capturePerformance: false,\n                },\n            });\n        &lt;/script&gt;\n    &lt;/body&gt;\n&lt;/html&gt;\n'
E    +  where '# As a condition of accessing this website, you agree to abide by the following\n# content signals:\n\n# (a)  If a Content-Signal = yes, you may collect content for the corresponding\n#      use.\n# (b)  If a Content-Signal = no, you may not collect content for the\n#      corresponding use.\n# (c)  If the website operator does not include a Content-Signal for a\n#      corresponding use, the website operator neither grants nor restricts\n#      permission via Content-Signal with respect to the corresponding use.\n\n# The content signals and their meanings are:\n\n# search:   building a search index and providing search results (e.g., returning\n#           hyperlinks and short excerpts from your website\'s contents). Search does not\n#           include providing AI-generated search summaries.\n# ai-input: inputting content into one or more AI models (e.g., retrieval\n#           augmented generation, grounding, or other real-time taking of content for\n#           generative AI search answers).\n# ai-train: training or fine-tuning AI models.\n\n# ANY RESTRICTIONS EXPRESSED VIA CONTENT SIGNALS ARE EXPRESS RESERVATIONS OF\n# RIGHTS UNDER ARTICLE 4 OF THE EUROPEAN UNION DIRECTIVE...ing sessionRecordingStarted captureException loadToolbar get_property getSessionProperty Es $s createPersonProfile Is opt_in_capturing opt_out_capturing has_opted_in_capturing has_opted_out_capturing clear_opt_in_out_capturing Ss debug xs getPageViewId captureTraceFeedback captureTraceMetric".split(\n                                        " ",\n                                    ),\n                                n = 0;\n                            n &lt; o.length;\n                            n++\n                        )\n                            g(u, o[n]);\n                        e._i.push([i, s, a]);\n                    }),\n                    (e.__SV = 1));\n            })(document, window.posthog || []);\n            posthog.init("phc_xAvL2Iq4tFmANRE7kzbKwaSqp1HJjN7x48s3vr0CMjs", {\n                api_host: "https://us.i.posthog.com",\n                person_profiles: "identified_only", // or \'always\' to create profiles for anonymous users as well,\n                session_recording: {\n                    recordCrossOriginIframes: true,\n                    capturePerformance: false,\n                },\n            });\n        &lt;/script&gt;\n    &lt;/body&gt;\n&lt;/html&gt;\n' = &lt;Response [200]&gt;.text</failure></testcase><testcase classname="backend.tests.test_wave3.TestAdminFinance" name="test_finance_summary" time="1.521" /><testcase classname="backend.tests.test_wave3.TestAdminFinance" name="test_finance_dealers" time="1.391" /><testcase classname="backend.tests.test_wave3.TestAdminFinance" name="test_finance_export" time="1.073" /><testcase classname="backend.tests.test_wave3.TestAdminFinance" name="test_finance_dealer_payouts_export" time="1.311" /><testcase classname="backend.tests.test_wave3.TestAdminFinance" name="test_finance_unauth" time="0.182" /><testcase classname="backend.tests.test_wave3.TestSupplierEarnings" name="test_earnings" time="0.000"><skipped type="pytest.skip" message="no approved supplier seed available">/app/backend/tests/test_wave3.py:209: no approved supplier seed available</skipped></testcase><testcase classname="backend.tests.test_wave3.TestSupplierEarnings" name="test_earnings_buyer_forbidden" time="0.694" /><testcase classname="backend.tests.test_wave3.TestListings" name="test_nonexistent_listing_404" time="0.438"><failure message="AssertionError: 500 Internal Server Error&#10;assert 500 == 404&#10; +  where 500 = &lt;Response [500]&gt;.status_code">backend/tests/test_wave3.py:229: in test_nonexistent_listing_404
    assert r.status_code == 404, f"{r.status_code} {r.text}"
E   AssertionError: 500 Internal Server Error
E   assert 500 == 404
E    +  where 500 = &lt;Response [500]&gt;.status_code</failure></testcase><testcase classname="backend.tests.test_wave3.TestListings" name="test_search_paginated" time="0.744" /><testcase classname="backend.tests.test_wave3.TestListings" name="test_search_paginated_overflow" time="0.972" /><testcase classname="backend.tests.test_wave3.TestSupplierPatch" name="test_patch_listing_bad_id_graceful" time="0.000"><skipped type="pytest.skip" message="no approved supplier seed available">/app/backend/tests/test_wave3.py:251: no approved supplier seed available</skipped></testcase><testcase classname="backend.tests.test_wave3.TestSupplierPatch" name="test_patch_listing_empty_payload" time="0.000"><skipped type="pytest.skip" message="no approved supplier seed available">/app/backend/tests/test_wave3.py:258: no approved supplier seed available</skipped></testcase><testcase classname="backend.tests.test_wave3.TestPasswordReset" name="test_reset_ok" time="0.522" /><testcase classname="backend.tests.test_wave3.TestAdminConfig" name="test_post_popular_chips" time="1.001" /><testcase classname="backend.tests.test_wave3.TestRateLimit" name="test_mps_inquiry_429_on_11th" time="1.253" /><testcase classname="backend.tests.test_wave3.TestRegression" name="test_listings_search" time="0.717" /><testcase classname="backend.tests.test_wave3.TestRegression" name="test_printers_list" time="0.761" /><testcase classname="backend.tests.test_wave3.TestRegression" name="test_auth_me_admin" time="1.295" /><testcase classname="backend.tests.test_wave3.TestRegression" name="test_public_stats" time="1.317" /></testsuite></testsuites>