<?xml version="1.0" encoding="utf-8"?><testsuites name="pytest tests"><testsuite name="pytest" errors="0" failures="1" skipped="0" tests="8" time="24.327" timestamp="2026-06-09T12:09:54.542548+00:00" hostname="agent-env-c623e7d0-c81a-43be-86b6-6552089e43fb"><testcase classname="tests.test_iteration34_dealer_flow" name="test_robots_txt_disallows_protected_areas" time="0.253" /><testcase classname="tests.test_iteration34_dealer_flow" name="test_sitemap_has_compatible_and_listing_urls" time="2.848"><failure message="assert '/compatible/hp-laserjet-m1005-mfp' in '&lt;?xml version=&quot;1.0&quot; encoding=&quot;UTF-8&quot;?&gt;\n&lt;urlset xmlns=&quot;http://www.sitemaps.org/schemas/sitemap/0.9&quot;&gt;\n&lt;url&gt;&lt;loc&gt;https...mable/3e31d0b8-63d5-4655-86cc-26db854b047f&lt;/loc&gt;&lt;lastmod&gt;2026-06-09&lt;/lastmod&gt;&lt;priority&gt;0.8&lt;/priority&gt;&lt;/url&gt;\n&lt;/urlset&gt;'">tests/test_iteration34_dealer_flow.py:53: in test_sitemap_has_compatible_and_listing_urls
    assert "/compatible/hp-laserjet-m1005-mfp" in body
E   assert '/compatible/hp-laserjet-m1005-mfp' in '&lt;?xml version="1.0" encoding="UTF-8"?&gt;\n&lt;urlset xmlns="http://www.sitemaps.org/schemas/sitemap/0.9"&gt;\n&lt;url&gt;&lt;loc&gt;https...mable/3e31d0b8-63d5-4655-86cc-26db854b047f&lt;/loc&gt;&lt;lastmod&gt;2026-06-09&lt;/lastmod&gt;&lt;priority&gt;0.8&lt;/priority&gt;&lt;/url&gt;\n&lt;/urlset&gt;'</failure></testcase><testcase classname="tests.test_iteration34_dealer_flow" name="test_supplier_signup" time="1.817" /><testcase classname="tests.test_iteration34_dealer_flow" name="test_admin_approves_supplier" time="5.366" /><testcase classname="tests.test_iteration34_dealer_flow" name="test_dealer_create_toner_with_compatible_models" time="3.788" /><testcase classname="tests.test_iteration34_dealer_flow" name="test_dealer_create_consumable_with_compatible_models" time="3.193" /><testcase classname="tests.test_iteration34_dealer_flow" name="test_dealer_create_printer_graceful" time="1.264" /><testcase classname="tests.test_iteration34_dealer_flow" name="test_cleanup_dealer_artifacts" time="5.708" /></testsuite></testsuites>