<?xml version="1.0" encoding="utf-8"?><testsuites name="pytest tests"><testsuite name="pytest" errors="0" failures="3" skipped="0" tests="23" time="8.125" timestamp="2026-05-02T10:05:37.208597+00:00" hostname="agent-env-4a881df6-ae37-45d9-8277-25ab31694ec0"><testcase classname="backend.tests.test_tonerscart.TestProducts" name="test_facets" time="0.804" /><testcase classname="backend.tests.test_tonerscart.TestProducts" name="test_search_by_query" time="0.112" /><testcase classname="backend.tests.test_tonerscart.TestProducts" name="test_search_brand_filter" time="0.109" /><testcase classname="backend.tests.test_tonerscart.TestProducts" name="test_search_city_filter" time="0.115" /><testcase classname="backend.tests.test_tonerscart.TestProducts" name="test_grouped" time="0.104" /><testcase classname="backend.tests.test_tonerscart.TestAuth" name="test_register_customer" time="0.703" /><testcase classname="backend.tests.test_tonerscart.TestAuth" name="test_register_supplier_pending" time="0.757" /><testcase classname="backend.tests.test_tonerscart.TestAuth" name="test_login_admin" time="0.335" /><testcase classname="backend.tests.test_tonerscart.TestAuth" name="test_login_customer" time="0.321" /><testcase classname="backend.tests.test_tonerscart.TestAuth" name="test_login_supplier" time="0.326" /><testcase classname="backend.tests.test_tonerscart.TestAuth" name="test_me_with_bearer" time="0.430" /><testcase classname="backend.tests.test_tonerscart.TestAuth" name="test_me_with_cookie" time="0.395" /><testcase classname="backend.tests.test_tonerscart.TestCustomerOrders" name="test_create_and_list_order" time="0.543"><failure message="AssertionError: {&quot;detail&quot;:[{&quot;type&quot;:&quot;missing&quot;,&quot;loc&quot;:[&quot;body&quot;,&quot;delivery_address&quot;],&quot;msg&quot;:&quot;Field required&quot;,&quot;input&quot;:{&quot;product_id&quot;:&quot;a0eb7eb2-45b5-41a9-a69c-30fa8f75fa62&quot;,&quot;quantity&quot;:2,&quot;notes&quot;:&quot;TEST_order&quot;},&quot;url&quot;:&quot;https://errors.pydantic.dev/2.12/v/missing&quot;},{&quot;type&quot;:&quot;missing&quot;,&quot;loc&quot;:[&quot;body&quot;,&quot;contact_phone&quot;],&quot;msg&quot;:&quot;Field required&quot;,&quot;input&quot;:{&quot;product_id&quot;:&quot;a0eb7eb2-45b5-41a9-a69c-30fa8f75fa62&quot;,&quot;quantity&quot;:2,&quot;notes&quot;:&quot;TEST_order&quot;},&quot;url&quot;:&quot;https://errors.pydantic.dev/2.12/v/missing&quot;}]}&#10;assert 422 in (200, 201)&#10; +  where 422 = &lt;Response [422]&gt;.status_code">backend/tests/test_tonerscart.py:170: in test_create_and_list_order
    assert r.status_code in (200, 201), r.text
E   AssertionError: {"detail":[{"type":"missing","loc":["body","delivery_address"],"msg":"Field required","input":{"product_id":"a0eb7eb2-45b5-41a9-a69c-30fa8f75fa62","quantity":2,"notes":"TEST_order"},"url":"https://errors.pydantic.dev/2.12/v/missing"},{"type":"missing","loc":["body","contact_phone"],"msg":"Field required","input":{"product_id":"a0eb7eb2-45b5-41a9-a69c-30fa8f75fa62","quantity":2,"notes":"TEST_order"},"url":"https://errors.pydantic.dev/2.12/v/missing"}]}
E   assert 422 in (200, 201)
E    +  where 422 = &lt;Response [422]&gt;.status_code</failure></testcase><testcase classname="backend.tests.test_tonerscart.TestSupplierCRUD" name="test_pending_supplier_blocked" time="0.471" /><testcase classname="backend.tests.test_tonerscart.TestSupplierCRUD" name="test_create_list_update_delete" time="0.742" /><testcase classname="backend.tests.test_tonerscart.TestOrderStatusFlow" name="test_full_status_flow" time="0.225"><failure message="AssertionError: {&quot;detail&quot;:[{&quot;type&quot;:&quot;missing&quot;,&quot;loc&quot;:[&quot;body&quot;,&quot;delivery_address&quot;],&quot;msg&quot;:&quot;Field required&quot;,&quot;input&quot;:{&quot;product_id&quot;:&quot;a0eb7eb2-45b5-41a9-a69c-30fa8f75fa62&quot;,&quot;quantity&quot;:1,&quot;notes&quot;:&quot;TEST_flow&quot;},&quot;url&quot;:&quot;https://errors.pydantic.dev/2.12/v/missing&quot;},{&quot;type&quot;:&quot;missing&quot;,&quot;loc&quot;:[&quot;body&quot;,&quot;contact_phone&quot;],&quot;msg&quot;:&quot;Field required&quot;,&quot;input&quot;:{&quot;product_id&quot;:&quot;a0eb7eb2-45b5-41a9-a69c-30fa8f75fa62&quot;,&quot;quantity&quot;:1,&quot;notes&quot;:&quot;TEST_flow&quot;},&quot;url&quot;:&quot;https://errors.pydantic.dev/2.12/v/missing&quot;}]}&#10;assert 422 in (200, 201)&#10; +  where 422 = &lt;Response [422]&gt;.status_code">backend/tests/test_tonerscart.py:237: in test_full_status_flow
    assert oc.status_code in (200, 201), oc.text
E   AssertionError: {"detail":[{"type":"missing","loc":["body","delivery_address"],"msg":"Field required","input":{"product_id":"a0eb7eb2-45b5-41a9-a69c-30fa8f75fa62","quantity":1,"notes":"TEST_flow"},"url":"https://errors.pydantic.dev/2.12/v/missing"},{"type":"missing","loc":["body","contact_phone"],"msg":"Field required","input":{"product_id":"a0eb7eb2-45b5-41a9-a69c-30fa8f75fa62","quantity":1,"notes":"TEST_flow"},"url":"https://errors.pydantic.dev/2.12/v/missing"}]}
E   assert 422 in (200, 201)
E    +  where 422 = &lt;Response [422]&gt;.status_code</failure></testcase><testcase classname="backend.tests.test_tonerscart.TestAdmin" name="test_stats" time="0.106" /><testcase classname="backend.tests.test_tonerscart.TestAdmin" name="test_pending_suppliers_includes_seed" time="0.129" /><testcase classname="backend.tests.test_tonerscart.TestAdmin" name="test_approve_then_reject_new_supplier" time="0.447"><failure message="AssertionError: newly registered supplier not in pending list&#10;assert None">backend/tests/test_tonerscart.py:286: in test_approve_then_reject_new_supplier
    assert target, "newly registered supplier not in pending list"
E   AssertionError: newly registered supplier not in pending list
E   assert None</failure></testcase><testcase classname="backend.tests.test_tonerscart.TestAdmin" name="test_admin_lists" time="0.323" /><testcase classname="backend.tests.test_tonerscart.TestRBAC" name="test_customer_blocked_from_supplier" time="0.129" /><testcase classname="backend.tests.test_tonerscart.TestRBAC" name="test_customer_blocked_from_admin" time="0.099" /><testcase classname="backend.tests.test_tonerscart.TestRBAC" name="test_supplier_blocked_from_admin" time="0.140" /></testsuite></testsuites>