<?xml version="1.0" encoding="utf-8"?><testsuites name="pytest tests"><testsuite name="pytest" errors="0" failures="0" skipped="0" tests="46" time="75.435" timestamp="2026-05-03T13:20:43.907198+00:00" hostname="agent-env-4a881df6-ae37-45d9-8277-25ab31694ec0"><testcase classname="backend.tests.test_supabase_backend.TestHealth" name="test_root" time="0.250" /><testcase classname="backend.tests.test_supabase_backend.TestSignup" name="test_signup_customer" time="1.262" /><testcase classname="backend.tests.test_supabase_backend.TestSignup" name="test_signup_supplier_will_be_approved" time="1.448" /><testcase classname="backend.tests.test_supabase_backend.TestSignup" name="test_signup_supplier_will_be_rejected" time="1.422" /><testcase classname="backend.tests.test_supabase_backend.TestSignup" name="test_signup_duplicate_email" time="0.442" /><testcase classname="backend.tests.test_supabase_backend.TestAuthMe" name="test_admin_me" time="2.309" /><testcase classname="backend.tests.test_supabase_backend.TestAuthMe" name="test_customer_me" time="1.129" /><testcase classname="backend.tests.test_supabase_backend.TestAuthMe" name="test_supplier_pending_me" time="1.763" /><testcase classname="backend.tests.test_supabase_backend.TestAuthMe" name="test_existing_approved_supplier_me" time="1.450" /><testcase classname="backend.tests.test_supabase_backend.TestAuthMe" name="test_no_token_401" time="0.126" /><testcase classname="backend.tests.test_supabase_backend.TestAdminApproval" name="test_admin_pending_list" time="1.059" /><testcase classname="backend.tests.test_supabase_backend.TestAdminApproval" name="test_non_admin_forbidden_on_admin" time="0.711" /><testcase classname="backend.tests.test_supabase_backend.TestAdminApproval" name="test_approve_supplier" time="2.834" /><testcase classname="backend.tests.test_supabase_backend.TestAdminApproval" name="test_reject_supplier" time="3.222" /><testcase classname="backend.tests.test_supabase_backend.TestSupplierListings" name="test_unapproved_supplier_cannot_list" time="3.644" /><testcase classname="backend.tests.test_supabase_backend.TestSupplierListings" name="test_approved_supplier_can_list_original" time="1.986" /><testcase classname="backend.tests.test_supabase_backend.TestSupplierListings" name="test_refilled_accepted" time="1.555" /><testcase classname="backend.tests.test_supabase_backend.TestSupplierListings" name="test_invalid_toner_type_rejected" time="1.029" /><testcase classname="backend.tests.test_supabase_backend.TestSupplierListings" name="test_supplier_role_forbidden_for_customer" time="0.759" /><testcase classname="backend.tests.test_supabase_backend.TestPublicListings" name="test_search_hp_88a" time="0.435" /><testcase classname="backend.tests.test_supabase_backend.TestPublicListings" name="test_grouped" time="0.404" /><testcase classname="backend.tests.test_supabase_backend.TestPublicListings" name="test_facets" time="0.387" /><testcase classname="backend.tests.test_supabase_backend.TestPublicListings" name="test_toner_master_search" time="0.414" /><testcase classname="backend.tests.test_supabase_backend.TestPublicListings" name="test_toner_master_brands" time="0.443" /><testcase classname="backend.tests.test_supabase_backend.TestOrders" name="test_create_order_and_decrements_stock" time="3.308" /><testcase classname="backend.tests.test_supabase_backend.TestOrders" name="test_orders_mine_customer" time="1.006" /><testcase classname="backend.tests.test_supabase_backend.TestOrders" name="test_supplier_accepts_with_tracking" time="1.575" /><testcase classname="backend.tests.test_supabase_backend.TestOrders" name="test_supplier_ships" time="1.569" /><testcase classname="backend.tests.test_supabase_backend.TestOrders" name="test_customer_cannot_change_to_delivered" time="1.001" /><testcase classname="backend.tests.test_supabase_backend.TestOrders" name="test_supplier_delivers" time="1.560" /><testcase classname="backend.tests.test_supabase_backend.TestOrders" name="test_customer_cancel_own_order" time="2.870" /><testcase classname="backend.tests.test_supabase_backend.TestOrders" name="test_supplier_orders_mine" time="1.282" /><testcase classname="backend.tests.test_supabase_backend.TestAdminStats" name="test_stats" time="2.187" /><testcase classname="backend.tests.test_supabase_backend.TestChat" name="test_chat_llm" time="5.857" /><testcase classname="backend.tests.test_supabase_backend.TestChat" name="test_chat_empty_messages" time="0.125" /><testcase classname="backend.tests.test_supabase_backend.TestAuthEnforcement" name="test_admin_requires_admin" time="1.640" /><testcase classname="backend.tests.test_supabase_backend.TestAuthEnforcement" name="test_supplier_requires_supplier" time="0.873" /><testcase classname="backend.tests.test_supabase_backend.TestV2SupplierOnboarding" name="test_signup_supplier_extended_payload" time="1.668" /><testcase classname="backend.tests.test_supabase_backend.TestV2SupplierOnboarding" name="test_v2_admin_pending_has_new_fields" time="1.009" /><testcase classname="backend.tests.test_supabase_backend.TestV2SupplierOnboarding" name="test_signup_supplier_empty_seller_types" time="1.501" /><testcase classname="backend.tests.test_supabase_backend.TestV2SupplierOnboarding" name="test_supplier_documents_patch" time="3.721" /><testcase classname="backend.tests.test_supabase_backend.TestV2SupplierOnboarding" name="test_supplier_documents_requires_auth" time="0.141" /><testcase classname="backend.tests.test_supabase_backend.TestV2SupplierOnboarding" name="test_admin_documents_endpoint" time="1.341" /><testcase classname="backend.tests.test_supabase_backend.TestV2SupplierOnboarding" name="test_admin_documents_for_empty_app" time="2.083" /><testcase classname="backend.tests.test_supabase_backend.TestV2SupplierOnboarding" name="test_approve_v2_copies_new_fields" time="4.110" /><testcase classname="backend.tests.test_supabase_backend.TestV2SupplierOnboarding" name="test_reject_v2_empty_with_reason" time="4.368" /></testsuite></testsuites>