<?xml version="1.0" encoding="utf-8"?><testsuites name="pytest tests"><testsuite name="pytest" errors="0" failures="0" skipped="1" tests="23" time="24.781" timestamp="2026-05-24T20:54:54.642229+00:00" hostname="agent-env-4a881df6-ae37-45d9-8277-25ab31694ec0"><testcase classname="tests.test_admin_v2.TestSmoke" name="test_root" time="0.254" /><testcase classname="tests.test_admin_v2.TestPublicConfig" name="test_popular_chips_default" time="0.770" /><testcase classname="tests.test_admin_v2.TestPublicConfig" name="test_marquee_brands_default" time="0.383" /><testcase classname="tests.test_admin_v2.TestPublicConfig" name="test_unknown_key_returns_empty_list" time="0.395" /><testcase classname="tests.test_admin_v2.TestPublicStats" name="test_stats_public_shape" time="1.512" /><testcase classname="tests.test_admin_v2.TestAdminAnalytics" name="test_unauthed_blocked" time="0.110" /><testcase classname="tests.test_admin_v2.TestAdminAnalytics" name="test_admin_analytics_payload" time="2.757" /><testcase classname="tests.test_admin_v2.TestAdminOrders" name="test_unauthed_blocked" time="0.117" /><testcase classname="tests.test_admin_v2.TestAdminOrders" name="test_admin_orders_pagination_shape" time="1.187" /><testcase classname="tests.test_admin_v2.TestAdminOrders" name="test_admin_orders_status_filter" time="1.225" /><testcase classname="tests.test_admin_v2.TestAdminOrdersExport" name="test_unauthed_blocked" time="0.110" /><testcase classname="tests.test_admin_v2.TestAdminOrdersExport" name="test_csv_headers_and_content" time="1.276" /><testcase classname="tests.test_admin_v2.TestSupplierSuspend" name="test_suspend_unsuspend_round_trip" time="2.897" /><testcase classname="tests.test_admin_v2.TestSupplierSuspend" name="test_supplier_detail_endpoint" time="2.736" /><testcase classname="tests.test_admin_v2.TestAdminDelete" name="test_delete_nonexistent_listing_ok" time="1.059" /><testcase classname="tests.test_admin_v2.TestAdminDelete" name="test_delete_nonexistent_printer_ok" time="0.987" /><testcase classname="tests.test_admin_v2.TestAdminConfigWrite" name="test_unauthed_blocked" time="0.155" /><testcase classname="tests.test_admin_v2.TestAdminConfigWrite" name="test_admin_can_write_or_graceful_503" time="0.939" /><testcase classname="tests.test_admin_v2.TestPublicListingsSuspendedFilter" name="test_listings_search_does_not_500" time="0.655" /><testcase classname="tests.test_admin_v2.TestPublicListingsSuspendedFilter" name="test_printers_does_not_500" time="0.669" /><testcase classname="tests.test_admin_v2.TestOrderStatusTransitions" name="test_buyer_can_confirm_delivery_or_skip" time="1.653"><skipped type="pytest.skip" message="no shipped order for buyer1 — cannot exercise buyer delivered path">/app/backend/tests/test_admin_v2.py:338: no shipped order for buyer1 — cannot exercise buyer delivered path</skipped></testcase><testcase classname="tests.test_admin_v2.TestOrderStatusTransitions" name="test_buyer_cannot_force_random_transition" time="2.197" /><testcase classname="tests.test_admin_v2.TestOrderStatusTransitions" name="test_status_invalid_value" time="0.654" /></testsuite></testsuites>