<?xml version="1.0" encoding="utf-8"?><testsuites name="pytest tests"><testsuite name="pytest" errors="0" failures="0" skipped="0" tests="11" time="24.013" timestamp="2026-05-27T14:07:59.363100+00:00" hostname="agent-env-8048f6c1-68dc-4789-a0d4-9130e09483ee"><testcase classname="backend.tests.test_wave12.TestD2DListings" name="test_public_no_auth_returns_shape" time="1.435" /><testcase classname="backend.tests.test_wave12.TestD2DListings" name="test_with_q_filter_does_not_500" time="1.021" /><testcase classname="backend.tests.test_wave12.TestD2DMe" name="test_no_auth_returns_401_or_403" time="0.129" /><testcase classname="backend.tests.test_wave12.TestD2DMe" name="test_buyer_returns_not_supplier" time="2.333" /><testcase classname="backend.tests.test_wave12.TestD2DMe" name="test_supplier_returns_verified_true" time="7.846" /><testcase classname="backend.tests.test_wave12.TestCreatesWithoutImage" name="test_toner_create_without_image" time="1.846" /><testcase classname="backend.tests.test_wave12.TestCreatesWithoutImage" name="test_paper_create_without_image" time="2.002" /><testcase classname="backend.tests.test_wave12.TestCreatesWithoutImage" name="test_printer_create_without_image" time="1.583" /><testcase classname="backend.tests.test_wave12.TestD2DPuts" name="test_put_printer_d2d_no_500" time="2.542" /><testcase classname="backend.tests.test_wave12.TestD2DPuts" name="test_put_paper_d2d_no_500" time="2.555" /><testcase classname="backend.tests.test_wave12.TestBulkInquiry" name="test_bulk_inquiry_with_company" time="0.655" /></testsuite></testsuites>