<?xml version="1.0" encoding="utf-8"?><testsuites name="pytest tests"><testsuite name="pytest" errors="0" failures="0" skipped="0" tests="12" time="18.177" timestamp="2026-05-27T12:02:06.386195+00:00" hostname="agent-env-8048f6c1-68dc-4789-a0d4-9130e09483ee"><testcase classname="backend.tests.test_wave10.TestMPSInquiry" name="test_bulk_enquiry_minimal" time="1.026" /><testcase classname="backend.tests.test_wave10.TestMPSInquiry" name="test_oem_application" time="0.571" /><testcase classname="backend.tests.test_wave10.TestMPSInquiry" name="test_consumables_interest" time="0.541" /><testcase classname="backend.tests.test_wave10.TestMPSInquiry" name="test_scanners_interest" time="0.584" /><testcase classname="backend.tests.test_wave10.TestMPSInquiry" name="test_invalid_email_rejected" time="0.059" /><testcase classname="backend.tests.test_wave10.TestD2DSearch" name="test_d2d_only_returns_list_no_500" time="0.388" /><testcase classname="backend.tests.test_wave10.TestD2DSearch" name="test_search_baseline_still_works" time="0.673" /><testcase classname="backend.tests.test_wave10.TestSupplierListings" name="test_create_listing_without_image" time="9.624" /><testcase classname="backend.tests.test_wave10.TestSupplierListings" name="test_create_listing_with_d2d_fields_does_not_500" time="3.247" /><testcase classname="backend.tests.test_wave10.TestSupplierListings" name="test_put_d2d_only_columns_missing" time="1.216" /><testcase classname="backend.tests.test_wave10.TestSupplierListings" name="test_put_d2d_requires_supplier_auth" time="0.059" /><testcase classname="backend.tests.test_wave10.TestEmailSubjects" name="test_subjects" time="0.116" /></testsuite></testsuites>