<?xml version="1.0" encoding="utf-8"?><testsuites name="pytest tests"><testsuite name="pytest" errors="0" failures="0" skipped="0" tests="35" time="11.077" timestamp="2026-05-02T10:53:54.388971+00:00" hostname="agent-env-4a881df6-ae37-45d9-8277-25ab31694ec0"><testcase classname="backend.tests.test_tonerscart.TestProducts" name="test_facets" time="0.242" /><testcase classname="backend.tests.test_tonerscart.TestProducts" name="test_search_by_query" time="0.108" /><testcase classname="backend.tests.test_tonerscart.TestProducts" name="test_search_brand_filter" time="0.126" /><testcase classname="backend.tests.test_tonerscart.TestProducts" name="test_search_city_filter" time="0.114" /><testcase classname="backend.tests.test_tonerscart.TestProducts" name="test_grouped" time="0.148" /><testcase classname="backend.tests.test_tonerscart.TestAuth" name="test_register_customer" time="0.668" /><testcase classname="backend.tests.test_tonerscart.TestAuth" name="test_register_supplier_pending" time="0.799" /><testcase classname="backend.tests.test_tonerscart.TestAuth" name="test_login_admin" time="0.329" /><testcase classname="backend.tests.test_tonerscart.TestAuth" name="test_login_customer" time="0.328" /><testcase classname="backend.tests.test_tonerscart.TestAuth" name="test_login_supplier" time="0.325" /><testcase classname="backend.tests.test_tonerscart.TestAuth" name="test_me_with_bearer" time="0.430" /><testcase classname="backend.tests.test_tonerscart.TestAuth" name="test_me_with_cookie" time="0.377" /><testcase classname="backend.tests.test_tonerscart.TestCustomerOrders" name="test_create_and_list_order" time="0.646" /><testcase classname="backend.tests.test_tonerscart.TestSupplierCRUD" name="test_pending_supplier_blocked" time="0.439" /><testcase classname="backend.tests.test_tonerscart.TestSupplierCRUD" name="test_create_list_update_delete" time="0.792" /><testcase classname="backend.tests.test_tonerscart.TestOrderStatusFlow" name="test_full_status_flow" time="1.133" /><testcase classname="backend.tests.test_tonerscart.TestAdmin" name="test_stats" time="0.121" /><testcase classname="backend.tests.test_tonerscart.TestAdmin" name="test_pending_suppliers_includes_seed" time="0.115" /><testcase classname="backend.tests.test_tonerscart.TestAdmin" name="test_approve_then_reject_new_supplier" time="1.116" /><testcase classname="backend.tests.test_tonerscart.TestAdmin" name="test_admin_lists" time="0.407" /><testcase classname="backend.tests.test_tonerscart.TestSmartSearch" name="test_grouped_smart_queries[HP 88A]" time="0.117" /><testcase classname="backend.tests.test_tonerscart.TestSmartSearch" name="test_grouped_smart_queries[HP88A]" time="0.106" /><testcase classname="backend.tests.test_tonerscart.TestSmartSearch" name="test_grouped_smart_queries[hp 88 a]" time="0.118" /><testcase classname="backend.tests.test_tonerscart.TestSmartSearch" name="test_grouped_smart_queries[88-A]" time="0.097" /><testcase classname="backend.tests.test_tonerscart.TestSmartSearch" name="test_grouped_smart_queries[88a]" time="0.106" /><testcase classname="backend.tests.test_tonerscart.TestTonerMaster" name="test_toner_master_list" time="0.111" /><testcase classname="backend.tests.test_tonerscart.TestTonerMaster" name="test_autocomplete_hp88" time="0.104" /><testcase classname="backend.tests.test_tonerscart.TestTonerMaster" name="test_brands" time="0.107" /><testcase classname="backend.tests.test_tonerscart.TestFacetsCounts" name="test_facets_counts" time="0.110" /><testcase classname="backend.tests.test_tonerscart.TestAdminStatsExpected" name="test_stats_values" time="0.101" /><testcase classname="backend.tests.test_tonerscart.TestSupplierMasterFlow" name="test_add_product_via_master_id_and_search" time="0.444" /><testcase classname="backend.tests.test_tonerscart.TestSupplierMasterFlow" name="test_add_freetext_product_searchable" time="0.328" /><testcase classname="backend.tests.test_tonerscart.TestRBAC" name="test_customer_blocked_from_supplier" time="0.123" /><testcase classname="backend.tests.test_tonerscart.TestRBAC" name="test_customer_blocked_from_admin" time="0.098" /><testcase classname="backend.tests.test_tonerscart.TestRBAC" name="test_supplier_blocked_from_admin" time="0.130" /></testsuite></testsuites>