<?xml version="1.0" encoding="utf-8"?><testsuites name="pytest tests"><testsuite name="pytest" errors="0" failures="0" skipped="0" tests="6" time="30.222" timestamp="2026-05-27T12:58:06.342354+00:00" hostname="agent-env-8048f6c1-68dc-4789-a0d4-9130e09483ee"><testcase classname="backend.tests.test_wave11.TestBulkUploadEndpoint" name="test_bulk_happy_path_3_rows" time="15.364" /><testcase classname="backend.tests.test_wave11.TestBulkUploadEndpoint" name="test_bulk_mixed_valid_invalid" time="5.874" /><testcase classname="backend.tests.test_wave11.TestBulkUploadEndpoint" name="test_bulk_empty_array_400" time="0.700" /><testcase classname="backend.tests.test_wave11.TestBulkUploadEndpoint" name="test_bulk_over_limit_400" time="0.722" /><testcase classname="backend.tests.test_wave11.TestBulkUploadEndpoint" name="test_bulk_no_auth_401_or_403" time="0.156" /><testcase classname="backend.tests.test_wave11.TestBulkUploadEndpoint" name="test_bulk_variants_persisted" time="7.332" /></testsuite></testsuites>