<?xml version="1.0" encoding="utf-8"?><testsuites name="pytest tests"><testsuite name="pytest" errors="0" failures="0" skipped="0" tests="15" time="45.304" timestamp="2026-06-11T11:28:48.462049+00:00" hostname="agent-env-c623e7d0-c81a-43be-86b6-6552089e43fb"><testcase classname="tests.test_wave22_all_categories" name="test_intercity_order_per_category[toner]" time="5.273" /><testcase classname="tests.test_wave22_all_categories" name="test_intercity_order_per_category[printer]" time="3.389" /><testcase classname="tests.test_wave22_all_categories" name="test_intercity_order_per_category[paper]" time="2.923" /><testcase classname="tests.test_wave22_all_categories" name="test_intercity_order_per_category[scanner]" time="2.767" /><testcase classname="tests.test_wave22_all_categories" name="test_intercity_order_per_category[consumable]" time="2.818" /><testcase classname="tests.test_wave22_all_categories" name="test_same_city_free_per_category[toner]" time="3.646" /><testcase classname="tests.test_wave22_all_categories" name="test_same_city_free_per_category[printer]" time="3.357" /><testcase classname="tests.test_wave22_all_categories" name="test_same_city_free_per_category[paper]" time="2.759" /><testcase classname="tests.test_wave22_all_categories" name="test_same_city_free_per_category[scanner]" time="2.865" /><testcase classname="tests.test_wave22_all_categories" name="test_same_city_free_per_category[consumable]" time="2.825" /><testcase classname="tests.test_wave22_all_categories" name="test_alias_aware_same_city" time="2.987" /><testcase classname="tests.test_wave22_all_categories" name="test_resolver_charge_once_per_dealer" time="0.739" /><testcase classname="tests.test_wave22_delivery" name="test_resolver_unit" time="0.000" /><testcase classname="tests.test_wave22_delivery" name="test_printer_order_intercity" time="4.225" /><testcase classname="tests.test_wave22_delivery" name="test_printer_order_same_city_free" time="4.663" /></testsuite></testsuites>