<?xml version="1.0" encoding="utf-8"?><testsuites name="pytest tests"><testsuite name="pytest" errors="0" failures="1" skipped="0" tests="9" time="20.886" timestamp="2026-05-26T12:19:44.551612+00:00" hostname="agent-env-8048f6c1-68dc-4789-a0d4-9130e09483ee"><testcase classname="backend.tests.test_wave6_batch.TestSupplierListingsExtendedPut" name="test_create_toner_listing" time="7.500" /><testcase classname="backend.tests.test_wave6_batch.TestSupplierListingsExtendedPut" name="test_put_toner_listing_extended" time="1.563"><failure message="AssertionError: assert ('updated' in {'ok': True})">backend/tests/test_wave6_batch.py:195: in test_put_toner_listing_extended
    assert "updated" in out and isinstance(out["updated"], list)
E   AssertionError: assert ('updated' in {'ok': True})</failure></testcase><testcase classname="backend.tests.test_wave6_batch.TestSupplierListingsExtendedPut" name="test_get_listing_public_has_intercity_and_city" time="0.691" /><testcase classname="backend.tests.test_wave6_batch.TestSupplierPrintersExtendedPut" name="test_create_printer" time="1.305" /><testcase classname="backend.tests.test_wave6_batch.TestSupplierPrintersExtendedPut" name="test_put_printer_extended" time="1.284" /><testcase classname="backend.tests.test_wave6_batch.TestSupplierPrintersExtendedPut" name="test_get_printer_public_has_intercity_and_city" time="0.439" /><testcase classname="backend.tests.test_wave6_batch.TestSupplierPapersExtendedPut" name="test_create_paper" time="1.262" /><testcase classname="backend.tests.test_wave6_batch.TestSupplierPapersExtendedPut" name="test_put_paper_extended" time="1.277" /><testcase classname="backend.tests.test_wave6_batch.TestOrderStructuredAddress" name="test_create_buyer_and_place_order_with_structured_address" time="5.423" /></testsuite></testsuites>