<?xml version="1.0" encoding="utf-8"?><testsuites name="pytest tests"><testsuite name="pytest" errors="0" failures="0" skipped="0" tests="11" time="23.323" timestamp="2026-05-26T12:34:07.119700+00:00" hostname="agent-env-8048f6c1-68dc-4789-a0d4-9130e09483ee"><testcase classname="backend.tests.test_wave6_batch.TestSupplierListingsExtendedPut" name="test_create_toner_listing" time="8.258" /><testcase classname="backend.tests.test_wave6_batch.TestSupplierListingsExtendedPut" name="test_put_toner_listing_extended" time="1.285" /><testcase classname="backend.tests.test_wave6_batch.TestSupplierListingsExtendedPut" name="test_put_toner_invalid_toner_type_returns_400" time="1.336" /><testcase classname="backend.tests.test_wave6_batch.TestSupplierListingsExtendedPut" name="test_get_listing_public_reflects_updated_values" time="0.718" /><testcase classname="backend.tests.test_wave6_batch.TestSupplierListingsExtendedPut" name="test_get_listing_public_has_intercity_and_city" time="0.718" /><testcase classname="backend.tests.test_wave6_batch.TestSupplierPrintersExtendedPut" name="test_create_printer" time="1.300" /><testcase classname="backend.tests.test_wave6_batch.TestSupplierPrintersExtendedPut" name="test_put_printer_extended" time="1.351" /><testcase classname="backend.tests.test_wave6_batch.TestSupplierPrintersExtendedPut" name="test_get_printer_public_has_intercity_and_city" time="0.453" /><testcase classname="backend.tests.test_wave6_batch.TestSupplierPapersExtendedPut" name="test_create_paper" time="1.356" /><testcase classname="backend.tests.test_wave6_batch.TestSupplierPapersExtendedPut" name="test_put_paper_extended" time="1.400" /><testcase classname="backend.tests.test_wave6_batch.TestOrderStructuredAddress" name="test_create_buyer_and_place_order_with_structured_address" time="5.050" /></testsuite></testsuites>