<?xml version="1.0" encoding="utf-8"?><testsuites name="pytest tests"><testsuite name="pytest" errors="0" failures="1" skipped="0" tests="6" time="9.299" timestamp="2026-06-30T11:38:56.307241+00:00" hostname="agent-env-c623e7d0-c81a-43be-86b6-6552089e43fb"><testcase classname="backend.tests.test_wave102_outreach_query" name="test_outreach_funnel_returns_six_stages" time="2.193" /><testcase classname="backend.tests.test_wave102_outreach_query" name="test_outreach_funnel_requires_admin" time="0.107" /><testcase classname="backend.tests.test_wave102_outreach_query" name="test_bulk_create_inserts_audit_log_and_shows_in_funnel" time="4.961"><failure message="AssertionError: newly created dealer test_wave102_2279f30e@tonerscart-qa.com not in funnel dealers (audit_log insert may have failed). Sample emails: []&#10;assert 'test_wave102_2279f30e@tonerscart-qa.com' in set()&#10; +  where 'test_wave102_2279f30e@tonerscart-qa.com' = &lt;built-in method lower of str object at 0xfd0d8a7cf6f0&gt;()&#10; +    where &lt;built-in method lower of str object at 0xfd0d8a7cf6f0&gt; = 'test_wave102_2279f30e@tonerscart-qa.com'.lower">backend/tests/test_wave102_outreach_query.py:81: in test_bulk_create_inserts_audit_log_and_shows_in_funnel
    assert test_email.lower() in emails, (
E   AssertionError: newly created dealer test_wave102_2279f30e@tonerscart-qa.com not in funnel dealers (audit_log insert may have failed). Sample emails: []
E   assert 'test_wave102_2279f30e@tonerscart-qa.com' in set()
E    +  where 'test_wave102_2279f30e@tonerscart-qa.com' = &lt;built-in method lower of str object at 0xfd0d8a7cf6f0&gt;()
E    +    where &lt;built-in method lower of str object at 0xfd0d8a7cf6f0&gt; = 'test_wave102_2279f30e@tonerscart-qa.com'.lower</failure></testcase><testcase classname="backend.tests.test_wave102_outreach_query" name="test_raise_query_requires_auth" time="0.120" /><testcase classname="backend.tests.test_wave102_outreach_query" name="test_raise_query_validates_empty_payload" time="0.685" /><testcase classname="backend.tests.test_wave102_outreach_query" name="test_raise_query_returns_ok_with_valid_body" time="1.132" /></testsuite></testsuites>