<?xml version="1.0" encoding="utf-8"?><testsuites name="pytest tests"><testsuite name="pytest" errors="0" failures="0" skipped="0" tests="6" time="13.689" timestamp="2026-06-30T12:02:42.114491+00:00" hostname="agent-env-c623e7d0-c81a-43be-86b6-6552089e43fb"><testcase classname="backend.tests.test_wave102_outreach_query" name="test_outreach_funnel_returns_six_stages" time="3.480" /><testcase classname="backend.tests.test_wave102_outreach_query" name="test_outreach_funnel_requires_admin" time="0.103" /><testcase classname="backend.tests.test_wave102_outreach_query" name="test_bulk_create_inserts_audit_log_and_shows_in_funnel" time="8.227" /><testcase classname="backend.tests.test_wave102_outreach_query" name="test_raise_query_requires_auth" time="0.112" /><testcase classname="backend.tests.test_wave102_outreach_query" name="test_raise_query_validates_empty_payload" time="0.676" /><testcase classname="backend.tests.test_wave102_outreach_query" name="test_raise_query_rejects_admin_non_supplier" time="1.016" /></testsuite></testsuites>