<?xml version="1.0" encoding="utf-8"?><testsuites name="pytest tests"><testsuite name="pytest" errors="0" failures="3" skipped="2" tests="96" time="132.366" timestamp="2026-05-24T21:01:43.820315+00:00" hostname="agent-env-4a881df6-ae37-45d9-8277-25ab31694ec0"><testcase classname="tests.test_supabase_backend.TestHealth" name="test_root" time="0.120" /><testcase classname="tests.test_supabase_backend.TestSignup" name="test_signup_customer" time="1.088" /><testcase classname="tests.test_supabase_backend.TestSignup" name="test_signup_supplier_will_be_approved" time="1.538" /><testcase classname="tests.test_supabase_backend.TestSignup" name="test_signup_supplier_will_be_rejected" time="2.525" /><testcase classname="tests.test_supabase_backend.TestSignup" name="test_signup_duplicate_email" time="0.539" /><testcase classname="tests.test_supabase_backend.TestAuthMe" name="test_admin_me" time="1.798" /><testcase classname="tests.test_supabase_backend.TestAuthMe" name="test_customer_me" time="1.748" /><testcase classname="tests.test_supabase_backend.TestAuthMe" name="test_supplier_pending_me" time="1.785" /><testcase classname="tests.test_supabase_backend.TestAuthMe" name="test_existing_approved_supplier_me" time="1.797" /><testcase classname="tests.test_supabase_backend.TestAuthMe" name="test_no_token_401" time="0.111" /><testcase classname="tests.test_supabase_backend.TestAdminApproval" name="test_admin_pending_list" time="0.996" /><testcase classname="tests.test_supabase_backend.TestAdminApproval" name="test_non_admin_forbidden_on_admin" time="0.696" /><testcase classname="tests.test_supabase_backend.TestAdminApproval" name="test_approve_supplier" time="3.682" /><testcase classname="tests.test_supabase_backend.TestAdminApproval" name="test_reject_supplier" time="3.350"><failure message="AssertionError: assert 'pending' == 'rejected'&#10;  &#10;  - rejected&#10;  + pending">E   AssertionError: assert 'pending' == 'rejected'
      
      - rejected
      + pending</failure></testcase><testcase classname="tests.test_supabase_backend.TestSupplierListings" name="test_unapproved_supplier_cannot_list" time="3.419" /><testcase classname="tests.test_supabase_backend.TestSupplierListings" name="test_approved_supplier_can_list_original" time="2.110" /><testcase classname="tests.test_supabase_backend.TestSupplierListings" name="test_refilled_accepted" time="1.623" /><testcase classname="tests.test_supabase_backend.TestSupplierListings" name="test_invalid_toner_type_rejected" time="1.036" /><testcase classname="tests.test_supabase_backend.TestSupplierListings" name="test_supplier_role_forbidden_for_customer" time="0.705" /><testcase classname="tests.test_supabase_backend.TestPublicListings" name="test_search_hp_88a" time="0.765" /><testcase classname="tests.test_supabase_backend.TestPublicListings" name="test_grouped" time="0.428" /><testcase classname="tests.test_supabase_backend.TestPublicListings" name="test_facets" time="0.432" /><testcase classname="tests.test_supabase_backend.TestPublicListings" name="test_toner_master_search" time="0.434" /><testcase classname="tests.test_supabase_backend.TestPublicListings" name="test_toner_master_brands" time="0.426" /><testcase classname="tests.test_supabase_backend.TestOrders" name="test_create_order_and_decrements_stock" time="3.364" /><testcase classname="tests.test_supabase_backend.TestOrders" name="test_orders_mine_customer" time="1.343" /><testcase classname="tests.test_supabase_backend.TestOrders" name="test_supplier_accepts_with_tracking" time="1.660" /><testcase classname="tests.test_supabase_backend.TestOrders" name="test_supplier_ships" time="1.656" /><testcase classname="tests.test_supabase_backend.TestOrders" name="test_customer_can_confirm_delivered_on_shipped" time="2.473" /><testcase classname="tests.test_supabase_backend.TestOrders" name="test_supplier_delivers" time="1.652" /><testcase classname="tests.test_supabase_backend.TestOrders" name="test_customer_cancel_own_order" time="3.332" /><testcase classname="tests.test_supabase_backend.TestOrders" name="test_supplier_orders_mine" time="1.610" /><testcase classname="tests.test_supabase_backend.TestAdminStats" name="test_stats" time="2.283" /><testcase classname="tests.test_supabase_backend.TestChat" name="test_chat_llm" time="0.122"><failure message="AssertionError: {&quot;detail&quot;:&quot;LLM key not configured (set GOOGLE_API_KEY in backend/.env to enable the chatbot)&quot;}&#10;assert 500 == 200&#10; +  where 500 = &lt;Response [500]&gt;.status_code">E   AssertionError: {"detail":"LLM key not configured (set GOOGLE_API_KEY in backend/.env to enable the chatbot)"}
    assert 500 == 200
     +  where 500 = &lt;Response [500]&gt;.status_code</failure></testcase><testcase classname="tests.test_supabase_backend.TestChat" name="test_chat_empty_messages" time="0.102" /><testcase classname="tests.test_supabase_backend.TestAuthEnforcement" name="test_admin_requires_admin" time="1.494" /><testcase classname="tests.test_supabase_backend.TestAuthEnforcement" name="test_supplier_requires_supplier" time="0.789" /><testcase classname="tests.test_supabase_backend.TestV2SupplierOnboarding" name="test_signup_supplier_extended_payload" time="1.503" /><testcase classname="tests.test_supabase_backend.TestV2SupplierOnboarding" name="test_v2_admin_pending_has_new_fields" time="1.025" /><testcase classname="tests.test_supabase_backend.TestV2SupplierOnboarding" name="test_signup_supplier_empty_seller_types" time="1.484" /><testcase classname="tests.test_supabase_backend.TestV2SupplierOnboarding" name="test_supplier_documents_patch" time="3.101" /><testcase classname="tests.test_supabase_backend.TestV2SupplierOnboarding" name="test_supplier_documents_requires_auth" time="0.104" /><testcase classname="tests.test_supabase_backend.TestV2SupplierOnboarding" name="test_admin_documents_endpoint" time="1.843" /><testcase classname="tests.test_supabase_backend.TestV2SupplierOnboarding" name="test_admin_documents_for_empty_app" time="2.059" /><testcase classname="tests.test_supabase_backend.TestV2SupplierOnboarding" name="test_approve_v2_copies_new_fields" time="4.514" /><testcase classname="tests.test_supabase_backend.TestV2SupplierOnboarding" name="test_reject_v2_empty_with_reason" time="4.350"><failure message="AssertionError: assert 'pending' == 'rejected'&#10;  &#10;  - rejected&#10;  + pending">E   AssertionError: assert 'pending' == 'rejected'
      
      - rejected
      + pending</failure></testcase><testcase classname="tests.test_batch_fixes.TestOAuthBootstrap" name="test_no_bearer_returns_401" time="0.121" /><testcase classname="tests.test_batch_fixes.TestOAuthBootstrap" name="test_bad_bearer_returns_401" time="0.386" /><testcase classname="tests.test_batch_fixes.TestOAuthBootstrap" name="test_existing_user_bootstrap_idempotent" time="1.127" /><testcase classname="tests.test_batch_fixes.TestOAuthBootstrap" name="test_new_supabase_user_bootstrap_creates_row" time="0.926"><skipped type="pytest.skip" message="cannot create supabase user: Invalid API key">/app/backend/tests/test_batch_fixes.py:111: cannot create supabase user: Invalid API key</skipped></testcase><testcase classname="tests.test_batch_fixes.TestListingCreation" name="test_create_listing_freetext_refilled" time="2.392" /><testcase classname="tests.test_batch_fixes.TestListingCreation" name="test_toner_master_autocreated" time="0.416" /><testcase classname="tests.test_batch_fixes.TestListingCreation" name="test_listing_appears_in_search" time="0.768" /><testcase classname="tests.test_batch_fixes.TestListingCreation" name="test_create_listing_legacy_toner_id" time="1.680" /><testcase classname="tests.test_batch_fixes.TestListingCreation" name="test_missing_both_returns_400" time="1.010" /><testcase classname="tests.test_batch_fixes.TestListingCreation" name="test_invalid_toner_type_returns_400" time="1.020" /><testcase classname="tests.test_batch_fixes.TestCartCheckout" name="test_two_orders_decrement_stock_independently" time="8.079" /><testcase classname="tests.test_batch_fixes.TestCleanup" name="test_delete_test_listings" time="2.690" /><testcase classname="tests.test_polish_patch.TestSmoke" name="test_root" time="0.113" /><testcase classname="tests.test_polish_patch.TestPublicReads" name="test_listings_search" time="0.769" /><testcase classname="tests.test_polish_patch.TestPublicReads" name="test_printers" time="0.751" /><testcase classname="tests.test_polish_patch.TestPublicReads" name="test_listings_facets" time="0.439" /><testcase classname="tests.test_polish_patch.TestFeaturedSuppliers" name="test_returns_list_no_500" time="0.420" /><testcase classname="tests.test_polish_patch.TestFeaturedApply" name="test_apply_valid_payload_returns_200" time="0.890" /><testcase classname="tests.test_polish_patch.TestFeaturedApply" name="test_apply_missing_required_returns_422" time="0.110" /><testcase classname="tests.test_polish_patch.TestQuotation" name="test_quotation_requires_auth" time="0.832" /><testcase classname="tests.test_polish_patch.TestQuotation" name="test_quotation_with_buyer_returns_quote_number" time="2.549" /><testcase classname="tests.test_polish_patch.TestQuotation" name="test_quotation_bad_listing_type" time="0.722" /><testcase classname="tests.test_polish_patch.TestQuotation" name="test_quotation_unknown_listing" time="1.031" /><testcase classname="tests.test_polish_patch.TestBrochure" name="test_brochure_no_url_returns_404_not_500" time="1.016" /><testcase classname="tests.test_polish_patch.TestBrochure" name="test_brochure_requires_auth" time="0.107" /><testcase classname="tests.test_polish_patch.TestCommissionTiers" name="test_commission_tiers_module_constant" time="0.015" /><testcase classname="tests.test_polish_patch.TestOrderPhoneNormalization" name="test_order_accepts_plus91_prefixed_phone" time="1.029" /><testcase classname="tests.test_admin_v2.TestSmoke" name="test_root" time="0.109" /><testcase classname="tests.test_admin_v2.TestPublicConfig" name="test_popular_chips_default" time="0.425" /><testcase classname="tests.test_admin_v2.TestPublicConfig" name="test_marquee_brands_default" time="0.431" /><testcase classname="tests.test_admin_v2.TestPublicConfig" name="test_unknown_key_returns_empty_list" time="0.414" /><testcase classname="tests.test_admin_v2.TestPublicStats" name="test_stats_public_shape" time="1.397" /><testcase classname="tests.test_admin_v2.TestAdminAnalytics" name="test_unauthed_blocked" time="0.124" /><testcase classname="tests.test_admin_v2.TestAdminAnalytics" name="test_admin_analytics_payload" time="2.812" /><testcase classname="tests.test_admin_v2.TestAdminOrders" name="test_unauthed_blocked" time="0.103" /><testcase classname="tests.test_admin_v2.TestAdminOrders" name="test_admin_orders_pagination_shape" time="1.371" /><testcase classname="tests.test_admin_v2.TestAdminOrders" name="test_admin_orders_status_filter" time="1.365" /><testcase classname="tests.test_admin_v2.TestAdminOrdersExport" name="test_unauthed_blocked" time="0.109" /><testcase classname="tests.test_admin_v2.TestAdminOrdersExport" name="test_csv_headers_and_content" time="1.357" /><testcase classname="tests.test_admin_v2.TestSupplierSuspend" name="test_suspend_unsuspend_round_trip" time="3.117" /><testcase classname="tests.test_admin_v2.TestSupplierSuspend" name="test_supplier_detail_endpoint" time="3.053" /><testcase classname="tests.test_admin_v2.TestAdminDelete" name="test_delete_nonexistent_listing_ok" time="1.024" /><testcase classname="tests.test_admin_v2.TestAdminDelete" name="test_delete_nonexistent_printer_ok" time="1.026" /><testcase classname="tests.test_admin_v2.TestAdminConfigWrite" name="test_unauthed_blocked" time="0.132" /><testcase classname="tests.test_admin_v2.TestAdminConfigWrite" name="test_admin_can_write_or_graceful_503" time="1.018" /><testcase classname="tests.test_admin_v2.TestPublicListingsSuspendedFilter" name="test_listings_search_does_not_500" time="0.742" /><testcase classname="tests.test_admin_v2.TestPublicListingsSuspendedFilter" name="test_printers_does_not_500" time="0.757" /><testcase classname="tests.test_admin_v2.TestOrderStatusTransitions" name="test_buyer_can_confirm_delivery_or_skip" time="1.794"><skipped type="pytest.skip" message="no shipped order for buyer1 — cannot exercise buyer delivered path">/app/backend/tests/test_admin_v2.py:338: no shipped order for buyer1 — cannot exercise buyer delivered path</skipped></testcase><testcase classname="tests.test_admin_v2.TestOrderStatusTransitions" name="test_buyer_cannot_force_random_transition" time="2.455" /><testcase classname="tests.test_admin_v2.TestOrderStatusTransitions" name="test_status_invalid_value" time="0.697" /></testsuite></testsuites>