<?xml version="1.0" encoding="utf-8"?><testsuites name="pytest tests"><testsuite name="pytest" errors="0" failures="2" skipped="0" tests="8" time="2.055" timestamp="2026-08-16T13:50:29.235270+00:00" hostname="agent-env-c623e7d0-c81a-43be-86b6-6552089e43fb"><testcase classname="tests.test_wave105_razorpay.TestCreateOrder" name="test_valid_amount_creates_razorpay_order" time="0.454"><failure message="AssertionError: {&quot;detail&quot;:&quot;Razorpay rejected the order: Authentication failed&quot;}&#10;assert 400 == 200&#10; +  where 400 = &lt;Response [400]&gt;.status_code">tests/test_wave105_razorpay.py:35: in test_valid_amount_creates_razorpay_order
    assert r.status_code == 200, r.text
E   AssertionError: {"detail":"Razorpay rejected the order: Authentication failed"}
E   assert 400 == 200
E    +  where 400 = &lt;Response [400]&gt;.status_code</failure></testcase><testcase classname="tests.test_wave105_razorpay.TestCreateOrder" name="test_below_min_amount_rejected" time="0.131" /><testcase classname="tests.test_wave105_razorpay.TestCreateOrder" name="test_non_inr_rejected" time="0.098" /><testcase classname="tests.test_wave105_razorpay.TestCreateOrder" name="test_long_receipt_trimmed_not_rejected" time="0.349"><failure message="AssertionError: {&quot;detail&quot;:&quot;Razorpay rejected the order: Authentication failed&quot;}&#10;assert 400 == 200&#10; +  where 400 = &lt;Response [400]&gt;.status_code">tests/test_wave105_razorpay.py:57: in test_long_receipt_trimmed_not_rejected
    assert r.status_code == 200, r.text
E   AssertionError: {"detail":"Razorpay rejected the order: Authentication failed"}
E   assert 400 == 200
E    +  where 400 = &lt;Response [400]&gt;.status_code</failure></testcase><testcase classname="tests.test_wave105_razorpay.TestVerifyPayment" name="test_correct_signature_verified" time="0.218" /><testcase classname="tests.test_wave105_razorpay.TestVerifyPayment" name="test_bad_signature_rejected" time="0.205" /><testcase classname="tests.test_wave105_razorpay.TestVerifyPayment" name="test_missing_fields_rejected" time="0.400" /><testcase classname="tests.test_wave105_razorpay.TestVerifyPayment" name="test_signature_uses_constant_time_compare" time="0.103" /></testsuite></testsuites>