<?xml version="1.0" encoding="utf-8"?><testsuites name="pytest tests"><testsuite name="pytest" errors="0" failures="0" skipped="4" tests="25" time="14.631" timestamp="2026-05-25T14:09:37.824970+00:00" hostname="agent-env-4a881df6-ae37-45d9-8277-25ab31694ec0"><testcase classname="backend.tests.test_wave3.TestSmoke" name="test_api_root" time="0.178" /><testcase classname="backend.tests.test_wave3.TestPapers" name="test_get_papers_graceful" time="0.455" /><testcase classname="backend.tests.test_wave3.TestPapers" name="test_post_paper_requires_supplier" time="1.087" /><testcase classname="backend.tests.test_wave3.TestPapers" name="test_post_paper_supplier_graceful" time="0.000"><skipped type="pytest.skip" message="no approved supplier seed available">/app/backend/tests/test_wave3.py:130: no approved supplier seed available</skipped></testcase><testcase classname="backend.tests.test_wave3.TestSitemapRobots" name="test_sitemap_xml" time="0.127" /><testcase classname="backend.tests.test_wave3.TestSitemapRobots" name="test_robots_txt" time="0.146" /><testcase classname="backend.tests.test_wave3.TestAdminFinance" name="test_finance_summary" time="1.339" /><testcase classname="backend.tests.test_wave3.TestAdminFinance" name="test_finance_dealers" time="1.146" /><testcase classname="backend.tests.test_wave3.TestAdminFinance" name="test_finance_export" time="0.917" /><testcase classname="backend.tests.test_wave3.TestAdminFinance" name="test_finance_dealer_payouts_export" time="1.242" /><testcase classname="backend.tests.test_wave3.TestAdminFinance" name="test_finance_unauth" time="0.123" /><testcase classname="backend.tests.test_wave3.TestSupplierEarnings" name="test_earnings" time="0.000"><skipped type="pytest.skip" message="no approved supplier seed available">/app/backend/tests/test_wave3.py:209: no approved supplier seed available</skipped></testcase><testcase classname="backend.tests.test_wave3.TestSupplierEarnings" name="test_earnings_buyer_forbidden" time="0.888" /><testcase classname="backend.tests.test_wave3.TestListings" name="test_nonexistent_listing_404" time="0.373" /><testcase classname="backend.tests.test_wave3.TestListings" name="test_search_paginated" time="0.449" /><testcase classname="backend.tests.test_wave3.TestListings" name="test_search_paginated_overflow" time="0.366" /><testcase classname="backend.tests.test_wave3.TestSupplierPatch" name="test_patch_listing_bad_id_graceful" time="0.000"><skipped type="pytest.skip" message="no approved supplier seed available">/app/backend/tests/test_wave3.py:251: no approved supplier seed available</skipped></testcase><testcase classname="backend.tests.test_wave3.TestSupplierPatch" name="test_patch_listing_empty_payload" time="0.000"><skipped type="pytest.skip" message="no approved supplier seed available">/app/backend/tests/test_wave3.py:258: no approved supplier seed available</skipped></testcase><testcase classname="backend.tests.test_wave3.TestPasswordReset" name="test_reset_ok" time="0.466" /><testcase classname="backend.tests.test_wave3.TestAdminConfig" name="test_post_popular_chips" time="0.936" /><testcase classname="backend.tests.test_wave3.TestRateLimit" name="test_mps_inquiry_429_on_11th" time="1.434" /><testcase classname="backend.tests.test_wave3.TestRegression" name="test_listings_search" time="0.390" /><testcase classname="backend.tests.test_wave3.TestRegression" name="test_printers_list" time="0.399" /><testcase classname="backend.tests.test_wave3.TestRegression" name="test_auth_me_admin" time="1.175" /><testcase classname="backend.tests.test_wave3.TestRegression" name="test_public_stats" time="0.896" /></testsuite></testsuites>