<?xml version="1.0" encoding="utf-8"?><testsuites name="pytest tests"><testsuite name="pytest" errors="0" failures="0" skipped="0" tests="36" time="49.375" timestamp="2026-05-03T09:59:42.238945+00:00" hostname="agent-env-4a881df6-ae37-45d9-8277-25ab31694ec0"><testcase classname="backend.tests.test_supabase_backend.TestHealth" name="test_root" time="0.130" /><testcase classname="backend.tests.test_supabase_backend.TestSignup" name="test_signup_customer" time="0.938" /><testcase classname="backend.tests.test_supabase_backend.TestSignup" name="test_signup_supplier_will_be_approved" time="1.056" /><testcase classname="backend.tests.test_supabase_backend.TestSignup" name="test_signup_supplier_will_be_rejected" time="1.092" /><testcase classname="backend.tests.test_supabase_backend.TestSignup" name="test_signup_duplicate_email" time="0.382" /><testcase classname="backend.tests.test_supabase_backend.TestAuthMe" name="test_admin_me" time="1.141" /><testcase classname="backend.tests.test_supabase_backend.TestAuthMe" name="test_customer_me" time="1.605" /><testcase classname="backend.tests.test_supabase_backend.TestAuthMe" name="test_supplier_pending_me" time="1.672" /><testcase classname="backend.tests.test_supabase_backend.TestAuthMe" name="test_existing_approved_supplier_me" time="1.353" /><testcase classname="backend.tests.test_supabase_backend.TestAuthMe" name="test_no_token_401" time="0.105" /><testcase classname="backend.tests.test_supabase_backend.TestAdminApproval" name="test_admin_pending_list" time="0.933" /><testcase classname="backend.tests.test_supabase_backend.TestAdminApproval" name="test_non_admin_forbidden_on_admin" time="0.690" /><testcase classname="backend.tests.test_supabase_backend.TestAdminApproval" name="test_approve_supplier" time="2.500" /><testcase classname="backend.tests.test_supabase_backend.TestAdminApproval" name="test_reject_supplier" time="2.915" /><testcase classname="backend.tests.test_supabase_backend.TestSupplierListings" name="test_unapproved_supplier_cannot_list" time="2.848" /><testcase classname="backend.tests.test_supabase_backend.TestSupplierListings" name="test_approved_supplier_can_list_original" time="1.918" /><testcase classname="backend.tests.test_supabase_backend.TestSupplierListings" name="test_refilled_rejected" time="0.935" /><testcase classname="backend.tests.test_supabase_backend.TestSupplierListings" name="test_supplier_role_forbidden_for_customer" time="0.693" /><testcase classname="backend.tests.test_supabase_backend.TestPublicListings" name="test_search_hp_88a" time="0.397" /><testcase classname="backend.tests.test_supabase_backend.TestPublicListings" name="test_grouped" time="0.384" /><testcase classname="backend.tests.test_supabase_backend.TestPublicListings" name="test_facets" time="0.392" /><testcase classname="backend.tests.test_supabase_backend.TestPublicListings" name="test_toner_master_search" time="0.388" /><testcase classname="backend.tests.test_supabase_backend.TestPublicListings" name="test_toner_master_brands" time="0.383" /><testcase classname="backend.tests.test_supabase_backend.TestOrders" name="test_create_order_and_decrements_stock" time="2.789" /><testcase classname="backend.tests.test_supabase_backend.TestOrders" name="test_orders_mine_customer" time="0.984" /><testcase classname="backend.tests.test_supabase_backend.TestOrders" name="test_supplier_accepts_with_tracking" time="1.537" /><testcase classname="backend.tests.test_supabase_backend.TestOrders" name="test_supplier_ships" time="1.521" /><testcase classname="backend.tests.test_supabase_backend.TestOrders" name="test_customer_cannot_change_to_delivered" time="0.956" /><testcase classname="backend.tests.test_supabase_backend.TestOrders" name="test_supplier_delivers" time="1.524" /><testcase classname="backend.tests.test_supabase_backend.TestOrders" name="test_customer_cancel_own_order" time="2.795" /><testcase classname="backend.tests.test_supabase_backend.TestOrders" name="test_supplier_orders_mine" time="1.234" /><testcase classname="backend.tests.test_supabase_backend.TestAdminStats" name="test_stats" time="2.110" /><testcase classname="backend.tests.test_supabase_backend.TestChat" name="test_chat_llm" time="6.203" /><testcase classname="backend.tests.test_supabase_backend.TestChat" name="test_chat_empty_messages" time="0.124" /><testcase classname="backend.tests.test_supabase_backend.TestAuthEnforcement" name="test_admin_requires_admin" time="1.829" /><testcase classname="backend.tests.test_supabase_backend.TestAuthEnforcement" name="test_supplier_requires_supplier" time="0.798" /></testsuite></testsuites>