<?xml version="1.0" encoding="utf-8"?><testsuites name="pytest tests"><testsuite name="pytest" errors="0" failures="0" skipped="0" tests="15" time="11.580" timestamp="2026-05-24T16:05:54.550857+00:00" hostname="agent-env-4a881df6-ae37-45d9-8277-25ab31694ec0"><testcase classname="tests.test_polish_patch.TestSmoke" name="test_root" time="0.170" /><testcase classname="tests.test_polish_patch.TestPublicReads" name="test_listings_search" time="0.913" /><testcase classname="tests.test_polish_patch.TestPublicReads" name="test_printers" time="0.651" /><testcase classname="tests.test_polish_patch.TestPublicReads" name="test_listings_facets" time="0.391" /><testcase classname="tests.test_polish_patch.TestFeaturedSuppliers" name="test_returns_list_no_500" time="0.367" /><testcase classname="tests.test_polish_patch.TestFeaturedApply" name="test_apply_valid_payload_returns_200" time="0.807" /><testcase classname="tests.test_polish_patch.TestFeaturedApply" name="test_apply_missing_required_returns_422" time="0.125" /><testcase classname="tests.test_polish_patch.TestQuotation" name="test_quotation_requires_auth" time="0.489" /><testcase classname="tests.test_polish_patch.TestQuotation" name="test_quotation_with_buyer_returns_quote_number" time="3.092" /><testcase classname="tests.test_polish_patch.TestQuotation" name="test_quotation_bad_listing_type" time="0.689" /><testcase classname="tests.test_polish_patch.TestQuotation" name="test_quotation_unknown_listing" time="0.927" /><testcase classname="tests.test_polish_patch.TestBrochure" name="test_brochure_no_url_returns_404_not_500" time="0.928" /><testcase classname="tests.test_polish_patch.TestBrochure" name="test_brochure_requires_auth" time="0.153" /><testcase classname="tests.test_polish_patch.TestCommissionTiers" name="test_commission_tiers_module_constant" time="0.084" /><testcase classname="tests.test_polish_patch.TestOrderPhoneNormalization" name="test_order_accepts_plus91_prefixed_phone" time="1.727" /></testsuite></testsuites>