<?xml version="1.0" encoding="utf-8"?><testsuites name="pytest tests"><testsuite name="pytest" errors="0" failures="0" skipped="0" tests="4" time="1.229" timestamp="2026-06-11T19:45:53.069776+00:00" hostname="agent-env-c623e7d0-c81a-43be-86b6-6552089e43fb"><testcase classname="backend.tests.test_iteration_42" name="test_supplier_listings_requires_auth" time="0.830" /><testcase classname="backend.tests.test_iteration_42" name="test_supplier_listings_missing_page_yield_rejected" time="0.116" /><testcase classname="backend.tests.test_iteration_42" name="test_supplier_listings_zero_page_yield_rejected" time="0.115" /><testcase classname="backend.tests.test_iteration_42" name="test_health_check" time="0.101" /></testsuite></testsuites>