<?xml version="1.0" encoding="utf-8"?><testsuites name="pytest tests"><testsuite name="pytest" errors="0" failures="0" skipped="2" tests="8" time="4.423" timestamp="2026-05-27T16:59:08.124609+00:00" hostname="agent-env-8048f6c1-68dc-4789-a0d4-9130e09483ee"><testcase classname="backend.tests.test_wave13" name="test_listings_grouped_200" time="1.468" /><testcase classname="backend.tests.test_wave13" name="test_d2d_listings_shape" time="1.044" /><testcase classname="backend.tests.test_wave13" name="test_papers_200" time="0.369" /><testcase classname="backend.tests.test_wave13" name="test_d2d_me_unauth" time="0.050" /><testcase classname="backend.tests.test_wave13" name="test_listings_search_runs" time="0.354" /><testcase classname="backend.tests.test_wave13" name="test_supplier_bulk_listings_no_image" time="0.199"><skipped type="pytest.skip" message="supplier signup failed: 404 {&quot;detail&quot;:&quot;Not Found&quot;}">/app/backend/tests/test_wave13.py:90: supplier signup failed: 404 {"detail":"Not Found"}</skipped></testcase><testcase classname="backend.tests.test_wave13" name="test_mps_inquiry_bulk_enquiry" time="0.708" /><testcase classname="backend.tests.test_wave13" name="test_no_legacy_tonerscarttest_users_remain" time="0.163"><skipped type="pytest.skip" message="admin login failed: 404 {&quot;detail&quot;:&quot;Not Found&quot;}">/app/backend/tests/test_wave13.py:193: admin login failed: 404 {"detail":"Not Found"}</skipped></testcase></testsuite></testsuites>