<?xml version="1.0" encoding="utf-8"?><testsuites name="pytest tests"><testsuite name="pytest" errors="0" failures="2" skipped="0" tests="18" time="40.498" timestamp="2026-08-28T09:51:30.967036+00:00" hostname="agent-env-c623e7d0-c81a-43be-86b6-6552089e43fb"><testcase classname="tests.test_wave105_10_bulk_color_images.TestBulkColor" name="test_bulk_unauth_rejected" time="0.305" /><testcase classname="tests.test_wave105_10_bulk_color_images.TestBulkColor" name="test_bulk_empty_payload_400" time="3.751" /><testcase classname="tests.test_wave105_10_bulk_color_images.TestBulkColor" name="test_bulk_row_persists_color[Black]" time="3.645" /><testcase classname="tests.test_wave105_10_bulk_color_images.TestBulkColor" name="test_bulk_row_persists_color[Cyan]" time="3.181" /><testcase classname="tests.test_wave105_10_bulk_color_images.TestBulkColor" name="test_bulk_row_persists_color[Magenta]" time="3.323" /><testcase classname="tests.test_wave105_10_bulk_color_images.TestBulkColor" name="test_bulk_row_persists_color[Yellow]" time="3.730" /><testcase classname="tests.test_wave105_10_bulk_color_images.TestBulkColor" name="test_bulk_row_persists_color[Tri-Color]" time="3.297" /><testcase classname="tests.test_wave105_10_bulk_color_images.TestBulkColor" name="test_bulk_row_persists_color[Neon]" time="3.234" /><testcase classname="tests.test_wave105_10_bulk_color_images.TestBulkColor" name="test_bulk_mixed_valid_and_invalid_rows" time="2.159" /><testcase classname="tests.test_wave105_10_bulk_color_images.TestBulkImageFeeds" name="test_supplier_listings_feed" time="1.310" /><testcase classname="tests.test_wave105_10_bulk_color_images.TestBulkImageFeeds" name="test_supplier_printers_feed_path_used_by_page" time="1.413"><failure message="AssertionError: BUG: GET /supplier/printers -&gt; 405; page must use /supplier/printers/mine&#10;assert 405 == 200&#10; +  where 405 = &lt;Response [405]&gt;.status_code">E   AssertionError: BUG: GET /supplier/printers -&gt; 405; page must use /supplier/printers/mine
    assert 405 == 200
     +  where 405 = &lt;Response [405]&gt;.status_code</failure></testcase><testcase classname="tests.test_wave105_10_bulk_color_images.TestBulkImageFeeds" name="test_put_listing_image_urls_persists" time="4.561" /><testcase classname="tests.test_wave105_10_bulk_color_images.TestBulkImageFeeds" name="test_listing_image_upload_requires_auth" time="0.109" /><testcase classname="tests.test_wave105_10_bulk_color_images.TestBulkImageFeeds" name="test_listing_image_rejects_non_image" time="0.700" /><testcase classname="tests.test_wave105_10_bulk_color_images.TestRegression" name="test_razorpay_config_check" time="0.149" /><testcase classname="tests.test_wave105_10_bulk_color_images.TestRegression" name="test_razorpay_create_order" time="0.887"><failure message="AssertionError: got 400: {&quot;detail&quot;:&quot;Razorpay rejected the order: Authentication failed&quot;}&#10;assert 400 == 200&#10; +  where 400 = &lt;Response [400]&gt;.status_code">E   AssertionError: got 400: {"detail":"Razorpay rejected the order: Authentication failed"}
    assert 400 == 200
     +  where 400 = &lt;Response [400]&gt;.status_code</failure></testcase><testcase classname="tests.test_wave105_10_bulk_color_images.TestRegression" name="test_admin_me_role" time="1.297" /><testcase classname="tests.test_wave105_10_bulk_color_images.TestRegression" name="test_supplier_me_role" time="2.560" /></testsuite></testsuites>