<?xml version="1.0" encoding="utf-8"?><testsuites name="pytest tests"><testsuite name="pytest" errors="0" failures="0" skipped="0" tests="10" time="12.498" timestamp="2026-06-13T07:17:24.874128+00:00" hostname="agent-env-c623e7d0-c81a-43be-86b6-6552089e43fb"><testcase classname="backend.tests.test_wave45_admin_listing_edit" name="test_crg303_listing_variant_price_match" time="0.983" /><testcase classname="backend.tests.test_wave45_admin_listing_edit" name="test_admin_toner_price_sync_to_variant" time="5.613" /><testcase classname="backend.tests.test_wave45_admin_listing_edit" name="test_admin_update_accepts_full_field_set_toner" time="1.919" /><testcase classname="backend.tests.test_wave45_admin_listing_edit" name="test_admin_update_invalid_kind" time="0.638" /><testcase classname="backend.tests.test_wave45_admin_listing_edit" name="test_protected_dealers_active" time="0.907" /><testcase classname="backend.tests.test_wave45_admin_listing_edit" name="test_public_listing_endpoints[/api/listings/search?kind=toner&amp;limit=5]" time="0.691" /><testcase classname="backend.tests.test_wave45_admin_listing_edit" name="test_public_listing_endpoints[/api/printers?limit=5]" time="0.398" /><testcase classname="backend.tests.test_wave45_admin_listing_edit" name="test_public_listing_endpoints[/api/papers?limit=5]" time="0.392" /><testcase classname="backend.tests.test_wave45_admin_listing_edit" name="test_public_listing_endpoints[/api/consumables?limit=5]" time="0.398" /><testcase classname="backend.tests.test_wave45_admin_listing_edit" name="test_public_listing_endpoints[/api/scanners?limit=5]" time="0.492" /></testsuite></testsuites>