<?xml version="1.0" encoding="utf-8"?><testsuites name="pytest tests"><testsuite name="pytest" errors="0" failures="0" skipped="0" tests="4" time="4.996" timestamp="2026-06-13T17:42:41.501153+00:00" hostname="agent-env-c623e7d0-c81a-43be-86b6-6552089e43fb"><testcase classname="backend.tests.test_wave46_regression" name="test_crg303_price_listing_and_variant_in_sync" time="0.851" /><testcase classname="backend.tests.test_wave46_regression" name="test_universal_search_endpoint_responds" time="2.051" /><testcase classname="backend.tests.test_wave46_regression" name="test_universal_search_short_query_safe" time="1.921" /><testcase classname="backend.tests.test_wave46_regression" name="test_d2d_me_unauthenticated_returns_clean_status" time="0.105" /></testsuite></testsuites>