<?xml version="1.0" encoding="utf-8"?><testsuites name="pytest tests"><testsuite name="pytest" errors="0" failures="0" skipped="0" tests="24" time="1.376" timestamp="2026-06-29T14:01:58.545264+00:00" hostname="agent-env-c623e7d0-c81a-43be-86b6-6552089e43fb"><testcase classname="backend.tests.test_wave97_compat_autosuggest.TestCompatStats" name="test_stats_returns_700_plus_printers" time="0.193" /><testcase classname="backend.tests.test_wave97_compat_autosuggest.TestLookupByToner" name="test_lookup_by_toner[CF226A-HP]" time="0.046" /><testcase classname="backend.tests.test_wave97_compat_autosuggest.TestLookupByToner" name="test_lookup_by_toner[CF244A-HP]" time="0.044" /><testcase classname="backend.tests.test_wave97_compat_autosuggest.TestLookupByToner" name="test_lookup_by_toner[CF258A-HP]" time="0.049" /><testcase classname="backend.tests.test_wave97_compat_autosuggest.TestLookupByToner" name="test_lookup_by_toner[CC388A-HP]" time="0.044" /><testcase classname="backend.tests.test_wave97_compat_autosuggest.TestLookupByToner" name="test_lookup_by_toner[925-Canon]" time="0.045" /><testcase classname="backend.tests.test_wave97_compat_autosuggest.TestLookupByToner" name="test_lookup_by_toner[071-Canon]" time="0.048" /><testcase classname="backend.tests.test_wave97_compat_autosuggest.TestLookupByToner" name="test_lookup_by_toner[054-Canon]" time="0.054" /><testcase classname="backend.tests.test_wave97_compat_autosuggest.TestLookupByToner" name="test_lookup_by_toner[056-Canon]" time="0.048" /><testcase classname="backend.tests.test_wave97_compat_autosuggest.TestLookupByToner" name="test_lookup_by_toner[TN-2280-Brother]" time="0.044" /><testcase classname="backend.tests.test_wave97_compat_autosuggest.TestLookupByToner" name="test_lookup_by_toner[TN-2360-Brother]" time="0.052" /><testcase classname="backend.tests.test_wave97_compat_autosuggest.TestLookupByToner" name="test_lookup_by_toner[TN-2380-Brother]" time="0.065" /><testcase classname="backend.tests.test_wave97_compat_autosuggest.TestLookupByToner" name="test_lookup_by_toner[TN-660-Brother]" time="0.047" /><testcase classname="backend.tests.test_wave97_compat_autosuggest.TestLookupByToner" name="test_lookup_by_toner[TN-730-Brother]" time="0.046" /><testcase classname="backend.tests.test_wave97_compat_autosuggest.TestLookupByToner" name="test_lookup_by_toner[TN-760-Brother]" time="0.043" /><testcase classname="backend.tests.test_wave97_compat_autosuggest.TestLookupByToner" name="test_lookup_by_toner[001-Epson]" time="0.043" /><testcase classname="backend.tests.test_wave97_compat_autosuggest.TestLookupByToner" name="test_lookup_by_toner[532-Epson]" time="0.043" /><testcase classname="backend.tests.test_wave97_compat_autosuggest.TestLookupByToner" name="test_lookup_by_toner[MLT-D116S-Samsung]" time="0.057" /><testcase classname="backend.tests.test_wave97_compat_autosuggest.TestLookupByToner" name="test_lookup_slug_tolerant_lowercase_with_space" time="0.045" /><testcase classname="backend.tests.test_wave97_compat_autosuggest.TestLookupByToner" name="test_lookup_nonexistent_returns_empty_list" time="0.046" /><testcase classname="backend.tests.test_wave97_compat_autosuggest.TestLookupByPrinter" name="test_lookup_by_printer[HP LaserJet P1108-CE285A]" time="0.051" /><testcase classname="backend.tests.test_wave97_compat_autosuggest.TestLookupByPrinter" name="test_lookup_by_printer[HP LaserJet Pro M226dw-CF226A]" time="0.044" /><testcase classname="backend.tests.test_wave97_compat_autosuggest.TestLookupByPrinter" name="test_lookup_by_printer[Brother HL-2240D-TN-2280]" time="0.057" /><testcase classname="backend.tests.test_wave97_compat_autosuggest.TestLookupByPrinter" name="test_lookup_by_printer[Canon imageCLASS LBP6018-925]" time="0.045" /></testsuite></testsuites>