<?xml version="1.0" encoding="utf-8"?><testsuites name="pytest tests"><testsuite name="pytest" errors="0" failures="0" skipped="0" tests="9" time="12.440" timestamp="2026-06-14T09:08:03.407237+00:00" hostname="agent-env-c623e7d0-c81a-43be-86b6-6552089e43fb"><testcase classname="backend.tests.test_wave50_cartridge_routing" name="test_toner_page_canon_303_is_toner" time="1.845" /><testcase classname="backend.tests.test_wave50_cartridge_routing" name="test_toner_page_epson_001_black_is_consumable" time="1.666" /><testcase classname="backend.tests.test_wave50_cartridge_routing" name="test_consumable_page_brother_dr_2255_is_consumable" time="1.962" /><testcase classname="backend.tests.test_wave50_cartridge_routing" name="test_sitemap_splits_toner_vs_consumable" time="1.383" /><testcase classname="backend.tests.test_wave50_cartridge_routing" name="test_sitemap_no_epson_ink_under_toner_path" time="1.285" /><testcase classname="backend.tests.test_wave50_cartridge_routing" name="test_sitemap_base_url_not_corrupted" time="1.216" /><testcase classname="backend.tests.test_wave50_cartridge_routing" name="test_sitemap_canon_303_under_toner" time="1.228" /><testcase classname="backend.tests.test_wave50_cartridge_routing" name="test_sitemap_brother_dr_2255_under_consumable" time="1.266" /><testcase classname="backend.tests.test_wave50_cartridge_routing" name="test_supplier_endpoints_protected" time="0.415" /></testsuite></testsuites>