<?xml version="1.0" encoding="utf-8"?><testsuites name="pytest tests"><testsuite name="pytest" errors="0" failures="0" skipped="0" tests="7" time="3.354" timestamp="2026-06-13T18:14:36.209435+00:00" hostname="agent-env-c623e7d0-c81a-43be-86b6-6552089e43fb"><testcase classname="backend.tests.test_wave47_d2d_detail.TestD2DListingDetail" name="test_unauthenticated_returns_401" time="0.164" /><testcase classname="backend.tests.test_wave47_d2d_detail.TestD2DListingDetail" name="test_admin_returns_403_not_supplier" time="1.379" /><testcase classname="backend.tests.test_wave47_d2d_detail.TestD2DListingDetail" name="test_invalid_kind_returns_404" time="0.685" /><testcase classname="backend.tests.test_wave47_d2d_detail.TestD2DListingDetail" name="test_unauthenticated_printer_kind_also_401" time="0.125" /><testcase classname="backend.tests.test_wave47_d2d_detail.TestD2DListingDetail" name="test_unauthenticated_paper_kind_also_401" time="0.129" /><testcase classname="backend.tests.test_wave47_d2d_detail.TestRegressionWave46" name="test_sample_listing_customer_price_5100" time="0.703" /><testcase classname="backend.tests.test_wave47_d2d_detail.TestRegressionWave46" name="test_terms_page_returns_html" time="0.101" /></testsuite></testsuites>