<?xml version="1.0" encoding="utf-8"?><testsuites name="pytest tests"><testsuite name="pytest" errors="0" failures="0" skipped="0" tests="18" time="11.363" timestamp="2026-08-09T19:42:35.299064+00:00" hostname="agent-env-c623e7d0-c81a-43be-86b6-6552089e43fb"><testcase classname="backend.tests.test_wave105_razorpay_regression.TestCreateOrder" name="test_valid_amount" time="1.029" /><testcase classname="backend.tests.test_wave105_razorpay_regression.TestCreateOrder" name="test_below_min_rejected" time="0.114" /><testcase classname="backend.tests.test_wave105_razorpay_regression.TestCreateOrder" name="test_non_inr_rejected" time="0.102" /><testcase classname="backend.tests.test_wave105_razorpay_regression.TestCreateOrder" name="test_long_receipt_trimmed" time="0.394" /><testcase classname="backend.tests.test_wave105_razorpay_regression.TestVerifyPayment" name="test_valid_signature" time="0.139" /><testcase classname="backend.tests.test_wave105_razorpay_regression.TestVerifyPayment" name="test_bad_signature" time="0.104" /><testcase classname="backend.tests.test_wave105_razorpay_regression.TestVerifyPayment" name="test_empty_fields_rejected[payload0]" time="0.319" /><testcase classname="backend.tests.test_wave105_razorpay_regression.TestVerifyPayment" name="test_empty_fields_rejected[payload1]" time="0.104" /><testcase classname="backend.tests.test_wave105_razorpay_regression.TestVerifyPayment" name="test_empty_fields_rejected[payload2]" time="0.099" /><testcase classname="backend.tests.test_wave105_razorpay_regression.TestSecretLeakage" name="test_secret_not_in_root" time="0.142" /><testcase classname="backend.tests.test_wave105_razorpay_regression.TestSecretLeakage" name="test_secret_not_in_frontend_bundle" time="0.936" /><testcase classname="backend.tests.test_wave105_razorpay_regression.TestRateLimit" name="test_create_order_rate_limit" time="2.928" /><testcase classname="backend.tests.test_wave105_razorpay_regression.TestRegressionAfterKeyRotation" name="test_admin_login" time="0.917" /><testcase classname="backend.tests.test_wave105_razorpay_regression.TestRegressionAfterKeyRotation" name="test_admin_me" time="1.619" /><testcase classname="backend.tests.test_wave105_razorpay_regression.TestRegressionAfterKeyRotation" name="test_printers_public" time="0.750" /><testcase classname="backend.tests.test_wave105_razorpay_regression.TestRegressionAfterKeyRotation" name="test_compatible_resolve" time="0.697" /><testcase classname="backend.tests.test_wave105_razorpay_regression.TestRegressionAfterKeyRotation" name="test_logout_without_token" time="0.110" /><testcase classname="backend.tests.test_wave105_razorpay_regression.TestRegressionAfterKeyRotation" name="test_logout_with_token" time="0.770" /></testsuite></testsuites>