<?xml version="1.0" encoding="utf-8"?><testsuites name="pytest tests"><testsuite name="pytest" errors="0" failures="0" skipped="0" tests="19" time="36.497" timestamp="2026-06-05T18:46:56.390653+00:00" hostname="agent-env-c623e7d0-c81a-43be-86b6-6552089e43fb"><testcase classname="backend.tests.test_wave19.TestConsumablesCRUD" name="test_create_consumable" time="7.898" /><testcase classname="backend.tests.test_wave19.TestConsumablesCRUD" name="test_list_mine_includes_created" time="1.153" /><testcase classname="backend.tests.test_wave19.TestConsumablesCRUD" name="test_update_consumable" time="1.532" /><testcase classname="backend.tests.test_wave19.TestConsumablesCRUD" name="test_public_list" time="0.367" /><testcase classname="backend.tests.test_wave19.TestConsumablesCRUD" name="test_public_filter_subcategory" time="0.357" /><testcase classname="backend.tests.test_wave19.TestConsumablesCRUD" name="test_public_filter_brand" time="0.373" /><testcase classname="backend.tests.test_wave19.TestConsumablesCRUD" name="test_subcategories_counts" time="0.371" /><testcase classname="backend.tests.test_wave19.TestConsumablesBulk" name="test_bulk_mixed" time="2.378" /><testcase classname="backend.tests.test_wave19.TestUniversalSearch" name="test_keys_present" time="1.383" /><testcase classname="backend.tests.test_wave19.TestUniversalSearch" name="test_finds_consumable_by_brand" time="1.877" /><testcase classname="backend.tests.test_wave19.TestUniversalSearch" name="test_finds_consumable_by_model" time="1.400" /><testcase classname="backend.tests.test_wave19.TestBuyerSegmentation" name="test_set_user_type_personal" time="4.306" /><testcase classname="backend.tests.test_wave19.TestBuyerSegmentation" name="test_set_user_type_invalid" time="0.635" /><testcase classname="backend.tests.test_wave19.TestBuyerSegmentation" name="test_set_user_type_corporate_idempotent" time="1.979" /><testcase classname="backend.tests.test_wave19.TestBuyerSegmentation" name="test_admin_user_segments" time="1.323" /><testcase classname="backend.tests.test_wave19.TestConsumableOrderFlow" name="test_place_consumable_order" time="5.143" /><testcase classname="backend.tests.test_wave19.TestConsumableOrderFlow" name="test_insufficient_stock" time="2.048" /><testcase classname="backend.tests.test_wave19.TestAuthGuards" name="test_create_consumable_anonymous_blocked" time="0.122" /><testcase classname="backend.tests.test_wave19.TestAuthGuards" name="test_create_consumable_buyer_blocked" time="1.761" /></testsuite></testsuites>