<?xml version="1.0" encoding="utf-8"?><testsuites name="pytest tests"><testsuite name="pytest" errors="0" failures="0" skipped="0" tests="9" time="5.168" timestamp="2026-06-13T20:43:10.603549+00:00" hostname="agent-env-c623e7d0-c81a-43be-86b6-6552089e43fb"><testcase classname="backend.tests.test_wave49_custom_models.TestCompatCatalogue" name="test_toners_search_q2612a" time="0.903" /><testcase classname="backend.tests.test_wave49_custom_models.TestCompatCatalogue" name="test_printers_search_m1005" time="0.357" /><testcase classname="backend.tests.test_wave49_custom_models.TestCompatCatalogue" name="test_toners_no_crash_empty" time="0.347" /><testcase classname="backend.tests.test_wave49_custom_models.TestCustomModelAuth" name="test_custom_printer_no_auth_401" time="0.050" /><testcase classname="backend.tests.test_wave49_custom_models.TestCustomModelAuth" name="test_custom_toner_no_auth_401" time="0.046" /><testcase classname="backend.tests.test_wave49_custom_models.TestCustomModelAuth" name="test_custom_toner_admin_blocked_403" time="1.709" /><testcase classname="backend.tests.test_wave49_custom_models.TestCustomModelAuth" name="test_custom_toner_missing_brand_validation" time="0.045" /><testcase classname="backend.tests.test_wave49_custom_models.TestTonerSeoPage" name="test_canon_303_has_listings" time="0.975" /><testcase classname="backend.tests.test_wave49_custom_models.TestTonerSeoPage" name="test_hp_q2612a_no_crash" time="0.654" /></testsuite></testsuites>