<?xml version="1.0" encoding="utf-8"?><testsuites name="pytest tests"><testsuite name="pytest" errors="0" failures="1" skipped="1" tests="17" time="3.419" timestamp="2026-06-29T13:17:14.468575+00:00" hostname="agent-env-c623e7d0-c81a-43be-86b6-6552089e43fb"><testcase classname="backend.tests.test_wave96_referral_delivery.TestCommissionBreakdown" name="test_flat_7pct_label" time="0.066" /><testcase classname="backend.tests.test_wave96_referral_delivery.TestCommissionBreakdown" name="test_zero_total" time="0.000" /><testcase classname="backend.tests.test_wave96_referral_delivery.TestCommissionBreakdown" name="test_rounding" time="0.000" /><testcase classname="backend.tests.test_wave96_referral_delivery.TestResolveDeliveryCharge" name="test_same_city_default_is_zero" time="0.695" /><testcase classname="backend.tests.test_wave96_referral_delivery.TestResolveDeliveryCharge" name="test_intercity_printer_default_350" time="0.000" /><testcase classname="backend.tests.test_wave96_referral_delivery.TestResolveDeliveryCharge" name="test_intercity_non_printer_default_100" time="0.000" /><testcase classname="backend.tests.test_wave96_referral_delivery.TestResolveDeliveryCharge" name="test_per_listing_override_intercity" time="0.000" /><testcase classname="backend.tests.test_wave96_referral_delivery.TestResolveDeliveryCharge" name="test_per_listing_override_intracity" time="0.000" /><testcase classname="backend.tests.test_wave96_referral_delivery.TestResolveDeliveryCharge" name="test_charge_delivery_false_returns_zero" time="0.000" /><testcase classname="backend.tests.test_wave96_referral_delivery.TestResolveDeliveryCharge" name="test_missing_intracity_falls_to_zero_for_same_city" time="0.000" /><testcase classname="backend.tests.test_wave96_referral_delivery.TestResolveDeliveryCharge" name="test_missing_intercity_falls_to_default" time="0.000" /><testcase classname="backend.tests.test_wave96_referral_delivery.TestDeliveryRatesConstants" name="test_constants" time="0.000" /><testcase classname="backend.tests.test_wave96_referral_delivery.TestProductDetailEndpoints" name="test_toner_list_returns_ok" time="0.283"><failure message="AssertionError: {&quot;detail&quot;:&quot;Not Found&quot;}&#10;assert 404 == 200&#10; +  where 404 = &lt;Response [404]&gt;.status_code">backend/tests/test_wave96_referral_delivery.py:118: in test_toner_list_returns_ok
    assert r.status_code == 200, r.text[:300]
E   AssertionError: {"detail":"Not Found"}
E   assert 404 == 200
E    +  where 404 = &lt;Response [404]&gt;.status_code</failure></testcase><testcase classname="backend.tests.test_wave96_referral_delivery.TestProductDetailEndpoints" name="test_printer_list_returns_ok" time="1.370" /><testcase classname="backend.tests.test_wave96_referral_delivery.TestProductDetailEndpoints" name="test_toner_detail_endpoint_no_500" time="0.145"><skipped type="pytest.skip" message="No toner listings available">/app/backend/tests/test_wave96_referral_delivery.py:132: No toner listings available</skipped></testcase><testcase classname="backend.tests.test_wave96_referral_delivery.TestProductDetailEndpoints" name="test_printer_detail_endpoint_no_500" time="0.636" /><testcase classname="backend.tests.test_wave96_referral_delivery.TestSupplierListingPutGraceful" name="test_supplier_listing_put_unauthorized_not_500" time="0.102" /></testsuite></testsuites>