<?xml version="1.0" encoding="utf-8"?><testsuites name="pytest tests"><testsuite name="pytest" errors="0" failures="0" skipped="0" tests="7" time="17.798" timestamp="2026-06-29T14:59:17.068616+00:00" hostname="agent-env-c623e7d0-c81a-43be-86b6-6552089e43fb"><testcase classname="backend.tests.test_wave98_bulk_dealers_phase2.TestBulkCreateDealers" name="test_unauth_rejected" time="0.165" /><testcase classname="backend.tests.test_wave98_bulk_dealers_phase2.TestBulkCreateDealers" name="test_empty_rows_returns_zero_counts" time="1.391" /><testcase classname="backend.tests.test_wave98_bulk_dealers_phase2.TestBulkCreateDealers" name="test_single_valid_row_creates_dealer" time="3.879" /><testcase classname="backend.tests.test_wave98_bulk_dealers_phase2.TestBulkCreateDealers" name="test_existing_email_skipped" time="5.069" /><testcase classname="backend.tests.test_wave98_bulk_dealers_phase2.TestBulkCreateDealers" name="test_duplicate_in_file_dedup" time="3.872" /><testcase classname="backend.tests.test_wave98_bulk_dealers_phase2.TestSupplierPhase2" name="test_unauth_rejected" time="0.107" /><testcase classname="backend.tests.test_wave98_bulk_dealers_phase2.TestApplySellerPhase1Only" name="test_phase1_only_accepted" time="3.245" /></testsuite></testsuites>