<?xml version="1.0" encoding="utf-8"?><testsuites name="pytest tests"><testsuite name="pytest" errors="0" failures="0" skipped="0" tests="6" time="27.629" timestamp="2026-06-29T19:58:31.000199+00:00" hostname="agent-env-c623e7d0-c81a-43be-86b6-6552089e43fb"><testcase classname="backend.tests.test_wave100_users_panel.TestAdminUsersListing" name="test_admin_users_requires_auth" time="0.253" /><testcase classname="backend.tests.test_wave100_users_panel.TestAdminUsersListing" name="test_admin_users_lists_with_required_fields" time="4.159" /><testcase classname="backend.tests.test_wave100_users_panel.TestAdminUsersDeleteProtection" name="test_delete_approved_dealer_is_blocked" time="5.479" /><testcase classname="backend.tests.test_wave100_users_panel.TestAdminUsersDeleteRoundtrip" name="test_signup_delete_resignup" time="11.043" /><testcase classname="backend.tests.test_wave100_users_panel.TestBulkDealerSkippedExisting" name="test_existing_admin_email_classified_as_skipped" time="1.237" /><testcase classname="backend.tests.test_wave100_users_panel.TestSupplierSignupOptionalAddress" name="test_signup_supplier_without_business_address" time="5.381" /></testsuite></testsuites>